{"C:\\Users\\denny\\Documents\\GitHub\\pocket-money\\src\\contexts\\FinancialContext.tsx": {"path":"C:\\Users\\denny\\Documents\\GitHub\\pocket-money\\src\\contexts\\FinancialContext.tsx","statementMap":{"0":{"start":{"line":2,"column":0},"end":{"line":2,"column":78}},"1":{"start":{"line":28,"column":13},"end":{"line":28,"column":91}},"2":{"start":{"line":31,"column":35},"end":{"line":37,"column":1}},"3":{"start":{"line":32,"column":18},"end":{"line":32,"column":46}},"4":{"start":{"line":33,"column":2},"end":{"line":35,"column":3}},"5":{"start":{"line":34,"column":4},"end":{"line":34,"column":83}},"6":{"start":{"line":36,"column":2},"end":{"line":36,"column":17}},"7":{"start":{"line":31,"column":13},"end":{"line":31,"column":35}},"8":{"start":{"line":44,"column":67},"end":{"line":112,"column":1}},"9":{"start":{"line":45,"column":44},"end":{"line":54,"column":4}},"10":{"start":{"line":56,"column":19},"end":{"line":73,"column":3}},"11":{"start":{"line":57,"column":4},"end":{"line":60,"column":5}},"12":{"start":{"line":58,"column":6},"end":{"line":58,"column":57}},"13":{"start":{"line":59,"column":6},"end":{"line":59,"column":13}},"14":{"start":{"line":61,"column":40},"end":{"line":68,"column":6}},"15":{"start":{"line":69,"column":4},"end":{"line":72,"column":8}},"16":{"start":{"line":69,"column":36},"end":{"line":72,"column":6}},"17":{"start":{"line":75,"column":25},"end":{"line":85,"column":3}},"18":{"start":{"line":76,"column":40},"end":{"line":80,"column":6}},"19":{"start":{"line":81,"column":4},"end":{"line":84,"column":8}},"20":{"start":{"line":81,"column":36},"end":{"line":84,"column":6}},"21":{"start":{"line":87,"column":23},"end":{"line":105,"column":3}},"22":{"start":{"line":88,"column":4},"end":{"line":91,"column":5}},"23":{"start":{"line":89,"column":6},"end":{"line":89,"column":58}},"24":{"start":{"line":90,"column":6},"end":{"line":90,"column":13}},"25":{"start":{"line":92,"column":40},"end":{"line":99,"column":6}},"26":{"start":{"line":100,"column":4},"end":{"line":103,"column":8}},"27":{"start":{"line":100,"column":36},"end":{"line":103,"column":6}},"28":{"start":{"line":104,"column":4},"end":{"line":104,"column":88}},"29":{"start":{"line":107,"column":2},"end":{"line":111,"column":4}},"30":{"start":{"line":44,"column":13},"end":{"line":44,"column":67}}},"fnMap":{"0":{"name":"(anonymous_0)","decl":{"start":{"line":31,"column":35},"end":{"line":31,"column":38}},"loc":{"start":{"line":31,"column":40},"end":{"line":37,"column":1}}},"1":{"name":"(anonymous_1)","decl":{"start":{"line":44,"column":67},"end":{"line":44,"column":68}},"loc":{"start":{"line":44,"column":84},"end":{"line":112,"column":1}}},"2":{"name":"(anonymous_2)","decl":{"start":{"line":56,"column":19},"end":{"line":56,"column":20}},"loc":{"start":{"line":56,"column":91},"end":{"line":73,"column":3}}},"3":{"name":"(anonymous_3)","decl":{"start":{"line":69,"column":21},"end":{"line":69,"column":22}},"loc":{"start":{"line":69,"column":36},"end":{"line":72,"column":6}}},"4":{"name":"(anonymous_4)","decl":{"start":{"line":75,"column":25},"end":{"line":75,"column":26}},"loc":{"start":{"line":75,"column":82},"end":{"line":85,"column":3}}},"5":{"name":"(anonymous_5)","decl":{"start":{"line":81,"column":21},"end":{"line":81,"column":22}},"loc":{"start":{"line":81,"column":36},"end":{"line":84,"column":6}}},"6":{"name":"(anonymous_6)","decl":{"start":{"line":87,"column":23},"end":{"line":87,"column":24}},"loc":{"start":{"line":87,"column":83},"end":{"line":105,"column":3}}},"7":{"name":"(anonymous_7)","decl":{"start":{"line":100,"column":21},"end":{"line":100,"column":22}},"loc":{"start":{"line":100,"column":36},"end":{"line":103,"column":6}}}},"branchMap":{"0":{"loc":{"start":{"line":33,"column":2},"end":{"line":35,"column":3}},"type":"if","locations":[{"start":{"line":33,"column":2},"end":{"line":35,"column":3}}]},"1":{"loc":{"start":{"line":56,"column":36},"end":{"line":56,"column":71}},"type":"default-arg","locations":[{"start":{"line":56,"column":58},"end":{"line":56,"column":71}}]},"2":{"loc":{"start":{"line":57,"column":4},"end":{"line":60,"column":5}},"type":"if","locations":[{"start":{"line":57,"column":4},"end":{"line":60,"column":5}}]},"3":{"loc":{"start":{"line":88,"column":4},"end":{"line":91,"column":5}},"type":"if","locations":[{"start":{"line":88,"column":4},"end":{"line":91,"column":5}}]}},"s":{"0":2,"1":2,"2":2,"3":15,"4":15,"5":0,"6":15,"7":2,"8":2,"9":15,"10":15,"11":5,"12":2,"13":2,"14":3,"15":3,"16":3,"17":15,"18":2,"19":2,"20":2,"21":15,"22":3,"23":2,"24":2,"25":1,"26":1,"27":1,"28":1,"29":15,"30":2},"f":{"0":15,"1":15,"2":5,"3":3,"4":2,"5":2,"6":3,"7":1},"b":{"0":[0],"1":[3],"2":[2],"3":[2]}}
,"C:\\Users\\denny\\Documents\\GitHub\\pocket-money\\src\\contexts\\UserContext.tsx": {"path":"C:\\Users\\denny\\Documents\\GitHub\\pocket-money\\src\\contexts\\UserContext.tsx","statementMap":{"0":{"start":{"line":2,"column":0},"end":{"line":2,"column":77}},"1":{"start":{"line":19,"column":13},"end":{"line":19,"column":81}},"2":{"start":{"line":25,"column":57},"end":{"line":51,"column":1}},"3":{"start":{"line":26,"column":26},"end":{"line":26,"column":53}},"4":{"start":{"line":27,"column":32},"end":{"line":27,"column":46}},"5":{"start":{"line":29,"column":2},"end":{"line":44,"column":9}},"6":{"start":{"line":30,"column":18},"end":{"line":41,"column":12}},"7":{"start":{"line":31,"column":6},"end":{"line":39,"column":9}},"8":{"start":{"line":40,"column":6},"end":{"line":40,"column":24}},"9":{"start":{"line":43,"column":4},"end":{"line":43,"column":37}},"10":{"start":{"line":43,"column":17},"end":{"line":43,"column":36}},"11":{"start":{"line":46,"column":2},"end":{"line":50,"column":4}},"12":{"start":{"line":25,"column":13},"end":{"line":25,"column":57}}},"fnMap":{"0":{"name":"(anonymous_0)","decl":{"start":{"line":25,"column":57},"end":{"line":25,"column":58}},"loc":{"start":{"line":25,"column":74},"end":{"line":51,"column":1}}},"1":{"name":"(anonymous_1)","decl":{"start":{"line":29,"column":12},"end":{"line":29,"column":15}},"loc":{"start":{"line":29,"column":17},"end":{"line":44,"column":3}}},"2":{"name":"(anonymous_2)","decl":{"start":{"line":30,"column":29},"end":{"line":30,"column":32}},"loc":{"start":{"line":30,"column":34},"end":{"line":41,"column":5}}},"3":{"name":"(anonymous_3)","decl":{"start":{"line":43,"column":11},"end":{"line":43,"column":14}},"loc":{"start":{"line":43,"column":17},"end":{"line":43,"column":36}}}},"branchMap":{},"s":{"0":0,"1":0,"2":0,"3":0,"4":0,"5":0,"6":0,"7":0,"8":0,"9":0,"10":0,"11":0,"12":0},"f":{"0":0,"1":0,"2":0,"3":0},"b":{}}
,"C:\\Users\\denny\\Documents\\GitHub\\pocket-money\\src\\ui\\ChoreManagementView.tsx": {"path":"C:\\Users\\denny\\Documents\\GitHub\\pocket-money\\src\\ui\\ChoreManagementView.tsx","statementMap":{"0":{"start":{"line":2,"column":0},"end":{"line":2,"column":59}},"1":{"start":{"line":3,"column":0},"end":{"line":3,"column":53}},"2":{"start":{"line":4,"column":0},"end":{"line":4,"column":61}},"3":{"start":{"line":7,"column":28},"end":{"line":33,"column":1}},"4":{"start":{"line":8,"column":29},"end":{"line":8,"column":47}},"5":{"start":{"line":13,"column":26},"end":{"line":13,"column":40}},"6":{"start":{"line":15,"column":2},"end":{"line":32,"column":4}},"7":{"start":{"line":35,"column":0},"end":{"line":35,"column":35}}},"fnMap":{"0":{"name":"(anonymous_1)","decl":{"start":{"line":7,"column":28},"end":{"line":7,"column":31}},"loc":{"start":{"line":7,"column":33},"end":{"line":33,"column":1}}}},"branchMap":{},"s":{"0":0,"1":0,"2":0,"3":0,"4":0,"5":0,"6":0,"7":0},"f":{"0":0},"b":{}}
,"C:\\Users\\denny\\Documents\\GitHub\\pocket-money\\src\\ui\\FundsManagementView.tsx": {"path":"C:\\Users\\denny\\Documents\\GitHub\\pocket-money\\src\\ui\\FundsManagementView.tsx","statementMap":{"0":{"start":{"line":2,"column":0},"end":{"line":2,"column":88}},"1":{"start":{"line":3,"column":0},"end":{"line":3,"column":70}},"2":{"start":{"line":4,"column":0},"end":{"line":4,"column":82}},"3":{"start":{"line":6,"column":28},"end":{"line":23,"column":1}},"4":{"start":{"line":7,"column":2},"end":{"line":22,"column":4}},"5":{"start":{"line":25,"column":0},"end":{"line":25,"column":35}}},"fnMap":{"0":{"name":"(anonymous_1)","decl":{"start":{"line":6,"column":28},"end":{"line":6,"column":31}},"loc":{"start":{"line":6,"column":33},"end":{"line":23,"column":1}}}},"branchMap":{},"s":{"0":0,"1":0,"2":0,"3":0,"4":0,"5":0},"f":{"0":0},"b":{}}
,"C:\\Users\\denny\\Documents\\GitHub\\pocket-money\\src\\ui\\KanbanView.tsx": {"path":"C:\\Users\\denny\\Documents\\GitHub\\pocket-money\\src\\ui\\KanbanView.tsx","statementMap":{"0":{"start":{"line":2,"column":0},"end":{"line":2,"column":52}},"1":{"start":{"line":3,"column":0},"end":{"line":3,"column":54}},"2":{"start":{"line":5,"column":0},"end":{"line":5,"column":64}},"3":{"start":{"line":7,"column":29},"end":{"line":50,"column":1}},"4":{"start":{"line":8,"column":22},"end":{"line":8,"column":45}},"5":{"start":{"line":9,"column":15},"end":{"line":9,"column":44}},"6":{"start":{"line":10,"column":44},"end":{"line":10,"column":73}},"7":{"start":{"line":12,"column":2},"end":{"line":14,"column":3}},"8":{"start":{"line":13,"column":4},"end":{"line":13,"column":39}},"9":{"start":{"line":16,"column":29},"end":{"line":18,"column":3}},"10":{"start":{"line":17,"column":4},"end":{"line":17,"column":41}},"11":{"start":{"line":20,"column":2},"end":{"line":49,"column":4}},"12":{"start":{"line":32,"column":14},"end":{"line":32,"column":35}},"13":{"start":{"line":52,"column":0},"end":{"line":52,"column":26}}},"fnMap":{"0":{"name":"(anonymous_1)","decl":{"start":{"line":7,"column":29},"end":{"line":7,"column":32}},"loc":{"start":{"line":7,"column":34},"end":{"line":50,"column":1}}},"1":{"name":"(anonymous_2)","decl":{"start":{"line":16,"column":29},"end":{"line":16,"column":30}},"loc":{"start":{"line":16,"column":77},"end":{"line":18,"column":3}}},"2":{"name":"(anonymous_3)","decl":{"start":{"line":31,"column":22},"end":{"line":31,"column":23}},"loc":{"start":{"line":32,"column":14},"end":{"line":32,"column":35}}}},"branchMap":{"0":{"loc":{"start":{"line":9,"column":15},"end":{"line":9,"column":44}},"type":"binary-expr","locations":[{"start":{"line":9,"column":15},"end":{"line":9,"column":38}},{"start":{"line":9,"column":42},"end":{"line":9,"column":44}}]},"1":{"loc":{"start":{"line":12,"column":2},"end":{"line":14,"column":3}},"type":"if","locations":[{"start":{"line":12,"column":2},"end":{"line":14,"column":3}}]},"2":{"loc":{"start":{"line":28,"column":9},"end":{"line":38,"column":null}},"type":"cond-expr","locations":[{"start":{"line":29,"column":10},"end":{"line":35,"column":null}},{"start":{"line":38,"column":10},"end":{"line":38,"column":60}}]},"3":{"loc":{"start":{"line":29,"column":55},"end":{"line":29,"column":74}},"type":"binary-expr","locations":[{"start":{"line":29,"column":55},"end":{"line":29,"column":68}},{"start":{"line":29,"column":72},"end":{"line":29,"column":74}}]},"4":{"loc":{"start":{"line":42,"column":7},"end":{"line":46,"column":null}},"type":"cond-expr","locations":[{"start":{"line":43,"column":8},"end":{"line":43,"column":48}},{"start":{"line":46,"column":8},"end":{"line":46,"column":62}}]}},"s":{"0":0,"1":0,"2":0,"3":0,"4":0,"5":0,"6":0,"7":0,"8":0,"9":0,"10":0,"11":0,"12":0,"13":0},"f":{"0":0,"1":0,"2":0},"b":{"0":[0,0],"1":[0],"2":[0,0],"3":[0,0],"4":[0,0]}}
,"C:\\Users\\denny\\Documents\\GitHub\\pocket-money\\src\\ui\\KidDetailView.tsx": {"path":"C:\\Users\\denny\\Documents\\GitHub\\pocket-money\\src\\ui\\KidDetailView.tsx","statementMap":{"0":{"start":{"line":2,"column":0},"end":{"line":2,"column":35}},"1":{"start":{"line":3,"column":0},"end":{"line":3,"column":51}},"2":{"start":{"line":4,"column":0},"end":{"line":4,"column":54}},"3":{"start":{"line":7,"column":22},"end":{"line":45,"column":1}},"4":{"start":{"line":8,"column":20},"end":{"line":8,"column":50}},"5":{"start":{"line":9,"column":22},"end":{"line":9,"column":45}},"6":{"start":{"line":11,"column":2},"end":{"line":13,"column":3}},"7":{"start":{"line":12,"column":4},"end":{"line":12,"column":41}},"8":{"start":{"line":15,"column":14},"end":{"line":15,"column":64}},"9":{"start":{"line":15,"column":49},"end":{"line":15,"column":63}},"10":{"start":{"line":17,"column":2},"end":{"line":24,"column":3}},"11":{"start":{"line":18,"column":4},"end":{"line":23,"column":6}},"12":{"start":{"line":26,"column":2},"end":{"line":44,"column":4}},"13":{"start":{"line":64,"column":0},"end":{"line":64,"column":29}}},"fnMap":{"0":{"name":"(anonymous_0)","decl":{"start":{"line":7,"column":22},"end":{"line":7,"column":25}},"loc":{"start":{"line":7,"column":27},"end":{"line":45,"column":1}}},"1":{"name":"(anonymous_1)","decl":{"start":{"line":15,"column":44},"end":{"line":15,"column":45}},"loc":{"start":{"line":15,"column":49},"end":{"line":15,"column":63}}}},"branchMap":{"0":{"loc":{"start":{"line":11,"column":2},"end":{"line":13,"column":3}},"type":"if","locations":[{"start":{"line":11,"column":2},"end":{"line":13,"column":3}}]},"1":{"loc":{"start":{"line":17,"column":2},"end":{"line":24,"column":3}},"type":"if","locations":[{"start":{"line":17,"column":2},"end":{"line":24,"column":3}}]},"2":{"loc":{"start":{"line":33,"column":34},"end":{"line":33,"column":50}},"type":"binary-expr","locations":[{"start":{"line":33,"column":34},"end":{"line":33,"column":41}},{"start":{"line":33,"column":45},"end":{"line":33,"column":50}}]}},"s":{"0":0,"1":0,"2":0,"3":0,"4":0,"5":0,"6":0,"7":0,"8":0,"9":0,"10":0,"11":0,"12":0,"13":0},"f":{"0":0,"1":0},"b":{"0":[0],"1":[0],"2":[0,0]}}
,"C:\\Users\\denny\\Documents\\GitHub\\pocket-money\\src\\ui\\SettingsView.tsx": {"path":"C:\\Users\\denny\\Documents\\GitHub\\pocket-money\\src\\ui\\SettingsView.tsx","statementMap":{"0":{"start":{"line":2,"column":0},"end":{"line":2,"column":68}},"1":{"start":{"line":3,"column":0},"end":{"line":3,"column":78}},"2":{"start":{"line":4,"column":0},"end":{"line":4,"column":68}},"3":{"start":{"line":5,"column":0},"end":{"line":5,"column":74}},"4":{"start":{"line":6,"column":0},"end":{"line":6,"column":66}},"5":{"start":{"line":7,"column":0},"end":{"line":7,"column":62}},"6":{"start":{"line":9,"column":21},"end":{"line":25,"column":1}},"7":{"start":{"line":10,"column":2},"end":{"line":24,"column":4}},"8":{"start":{"line":27,"column":0},"end":{"line":27,"column":28}}},"fnMap":{"0":{"name":"(anonymous_1)","decl":{"start":{"line":9,"column":21},"end":{"line":9,"column":24}},"loc":{"start":{"line":9,"column":26},"end":{"line":25,"column":1}}}},"branchMap":{},"s":{"0":0,"1":0,"2":0,"3":0,"4":0,"5":0,"6":0,"7":0,"8":0},"f":{"0":0},"b":{}}
,"C:\\Users\\denny\\Documents\\GitHub\\pocket-money\\src\\ui\\chore_components\\ChoreList.tsx": {"path":"C:\\Users\\denny\\Documents\\GitHub\\pocket-money\\src\\ui\\chore_components\\ChoreList.tsx","statementMap":{"0":{"start":{"line":2,"column":0},"end":{"line":2,"column":42}},"1":{"start":{"line":3,"column":0},"end":{"line":3,"column":64}},"2":{"start":{"line":4,"column":0},"end":{"line":4,"column":57}},"3":{"start":{"line":11,"column":44},"end":{"line":81,"column":1}},"4":{"start":{"line":12,"column":42},"end":{"line":12,"column":60}},"5":{"start":{"line":13,"column":22},"end":{"line":13,"column":45}},"6":{"start":{"line":14,"column":15},"end":{"line":14,"column":44}},"7":{"start":{"line":16,"column":21},"end":{"line":20,"column":3}},"8":{"start":{"line":17,"column":4},"end":{"line":17,"column":36}},"9":{"start":{"line":17,"column":16},"end":{"line":17,"column":36}},"10":{"start":{"line":18,"column":16},"end":{"line":18,"column":53}},"11":{"start":{"line":18,"column":38},"end":{"line":18,"column":52}},"12":{"start":{"line":19,"column":4},"end":{"line":19,"column":42}},"13":{"start":{"line":22,"column":31},"end":{"line":41,"column":3}},"14":{"start":{"line":24,"column":33},"end":{"line":24,"column":51}},"15":{"start":{"line":25,"column":23},"end":{"line":25,"column":87}},"16":{"start":{"line":25,"column":52},"end":{"line":25,"column":86}},"17":{"start":{"line":27,"column":4},"end":{"line":29,"column":5}},"18":{"start":{"line":28,"column":6},"end":{"line":28,"column":18}},"19":{"start":{"line":30,"column":15},"end":{"line":30,"column":53}},"20":{"start":{"line":31,"column":4},"end":{"line":36,"column":5}},"21":{"start":{"line":32,"column":19},"end":{"line":32,"column":97}},"22":{"start":{"line":33,"column":6},"end":{"line":33,"column":54}},"23":{"start":{"line":34,"column":11},"end":{"line":36,"column":5}},"24":{"start":{"line":35,"column":6},"end":{"line":35,"column":52}},"25":{"start":{"line":37,"column":4},"end":{"line":39,"column":5}},"26":{"start":{"line":38,"column":6},"end":{"line":38,"column":55}},"27":{"start":{"line":40,"column":4},"end":{"line":40,"column":16}},"28":{"start":{"line":43,"column":2},"end":{"line":45,"column":3}},"29":{"start":{"line":44,"column":4},"end":{"line":44,"column":53}},"30":{"start":{"line":47,"column":2},"end":{"line":49,"column":3}},"31":{"start":{"line":48,"column":4},"end":{"line":48,"column":57}},"32":{"start":{"line":52,"column":31},"end":{"line":52,"column":49}},"33":{"start":{"line":54,"column":2},"end":{"line":80,"column":4}},"34":{"start":{"line":57,"column":27},"end":{"line":57,"column":94}},"35":{"start":{"line":57,"column":56},"end":{"line":57,"column":93}},"36":{"start":{"line":58,"column":8},"end":{"line":58,"column":115}},"37":{"start":{"line":58,"column":25},"end":{"line":58,"column":115}},"38":{"start":{"line":60,"column":31},"end":{"line":60,"column":61}},"39":{"start":{"line":61,"column":8},"end":{"line":77,"column":10}},"40":{"start":{"line":73,"column":35},"end":{"line":73,"column":75}},"41":{"start":{"line":83,"column":0},"end":{"line":83,"column":25}}},"fnMap":{"0":{"name":"(anonymous_0)","decl":{"start":{"line":11,"column":44},"end":{"line":11,"column":45}},"loc":{"start":{"line":11,"column":68},"end":{"line":81,"column":1}}},"1":{"name":"(anonymous_1)","decl":{"start":{"line":16,"column":21},"end":{"line":16,"column":22}},"loc":{"start":{"line":16,"column":59},"end":{"line":20,"column":3}}},"2":{"name":"(anonymous_2)","decl":{"start":{"line":18,"column":26},"end":{"line":18,"column":27}},"loc":{"start":{"line":18,"column":38},"end":{"line":18,"column":52}}},"3":{"name":"(anonymous_3)","decl":{"start":{"line":22,"column":31},"end":{"line":22,"column":32}},"loc":{"start":{"line":22,"column":71},"end":{"line":41,"column":3}}},"4":{"name":"(anonymous_4)","decl":{"start":{"line":25,"column":45},"end":{"line":25,"column":48}},"loc":{"start":{"line":25,"column":52},"end":{"line":25,"column":86}}},"5":{"name":"(anonymous_5)","decl":{"start":{"line":56,"column":27},"end":{"line":56,"column":28}},"loc":{"start":{"line":56,"column":40},"end":{"line":78,"column":7}}},"6":{"name":"(anonymous_6)","decl":{"start":{"line":57,"column":49},"end":{"line":57,"column":52}},"loc":{"start":{"line":57,"column":56},"end":{"line":57,"column":93}}},"7":{"name":"(anonymous_7)","decl":{"start":{"line":73,"column":29},"end":{"line":73,"column":32}},"loc":{"start":{"line":73,"column":35},"end":{"line":73,"column":75}}}},"branchMap":{"0":{"loc":{"start":{"line":14,"column":15},"end":{"line":14,"column":44}},"type":"binary-expr","locations":[{"start":{"line":14,"column":15},"end":{"line":14,"column":38}},{"start":{"line":14,"column":42},"end":{"line":14,"column":44}}]},"1":{"loc":{"start":{"line":17,"column":4},"end":{"line":17,"column":36}},"type":"if","locations":[{"start":{"line":17,"column":4},"end":{"line":17,"column":36}}]},"2":{"loc":{"start":{"line":19,"column":11},"end":{"line":19,"column":41}},"type":"cond-expr","locations":[{"start":{"line":19,"column":17},"end":{"line":19,"column":25}},{"start":{"line":19,"column":28},"end":{"line":19,"column":41}}]},"3":{"loc":{"start":{"line":27,"column":4},"end":{"line":29,"column":5}},"type":"if","locations":[{"start":{"line":27,"column":4},"end":{"line":29,"column":5}}]},"4":{"loc":{"start":{"line":27,"column":8},"end":{"line":27,"column":49}},"type":"binary-expr","locations":[{"start":{"line":27,"column":8},"end":{"line":27,"column":19}},{"start":{"line":27,"column":23},"end":{"line":27,"column":49}}]},"5":{"loc":{"start":{"line":31,"column":4},"end":{"line":36,"column":5}},"type":"if","locations":[{"start":{"line":31,"column":4},"end":{"line":36,"column":5}},{"start":{"line":34,"column":11},"end":{"line":36,"column":5}}]},"6":{"loc":{"start":{"line":31,"column":8},"end":{"line":31,"column":125}},"type":"binary-expr","locations":[{"start":{"line":31,"column":8},"end":{"line":31,"column":46}},{"start":{"line":31,"column":50},"end":{"line":31,"column":83}},{"start":{"line":31,"column":87},"end":{"line":31,"column":125}}]},"7":{"loc":{"start":{"line":34,"column":11},"end":{"line":36,"column":5}},"type":"if","locations":[{"start":{"line":34,"column":11},"end":{"line":36,"column":5}}]},"8":{"loc":{"start":{"line":34,"column":15},"end":{"line":34,"column":82}},"type":"binary-expr","locations":[{"start":{"line":34,"column":15},"end":{"line":34,"column":54}},{"start":{"line":34,"column":58},"end":{"line":34,"column":82}}]},"9":{"loc":{"start":{"line":37,"column":4},"end":{"line":39,"column":5}},"type":"if","locations":[{"start":{"line":37,"column":4},"end":{"line":39,"column":5}}]},"10":{"loc":{"start":{"line":43,"column":2},"end":{"line":45,"column":3}},"type":"if","locations":[{"start":{"line":43,"column":2},"end":{"line":45,"column":3}}]},"11":{"loc":{"start":{"line":47,"column":2},"end":{"line":49,"column":3}},"type":"if","locations":[{"start":{"line":47,"column":2},"end":{"line":49,"column":3}}]},"12":{"loc":{"start":{"line":58,"column":8},"end":{"line":58,"column":115}},"type":"if","locations":[{"start":{"line":58,"column":8},"end":{"line":58,"column":115}}]},"13":{"loc":{"start":{"line":62,"column":58},"end":{"line":62,"column":95}},"type":"cond-expr","locations":[{"start":{"line":62,"column":80},"end":{"line":62,"column":90}},{"start":{"line":62,"column":93},"end":{"line":62,"column":95}}]},"14":{"loc":{"start":{"line":64,"column":13},"end":{"line":64,"column":113}},"type":"binary-expr","locations":[{"start":{"line":64,"column":13},"end":{"line":64,"column":35}},{"start":{"line":64,"column":39},"end":{"line":64,"column":113}}]},"15":{"loc":{"start":{"line":67,"column":13},"end":{"line":67,"column":92}},"type":"binary-expr","locations":[{"start":{"line":67,"column":13},"end":{"line":67,"column":36}},{"start":{"line":67,"column":40},"end":{"line":67,"column":92}}]},"16":{"loc":{"start":{"line":70,"column":13},"end":{"line":70,"column":124}},"type":"binary-expr","locations":[{"start":{"line":70,"column":13},"end":{"line":70,"column":27}},{"start":{"line":70,"column":31},"end":{"line":70,"column":124}}]},"17":{"loc":{"start":{"line":72,"column":24},"end":{"line":72,"column":71}},"type":"cond-expr","locations":[{"start":{"line":72,"column":46},"end":{"line":72,"column":56}},{"start":{"line":72,"column":59},"end":{"line":72,"column":71}}]},"18":{"loc":{"start":{"line":74,"column":15},"end":{"line":74,"column":78}},"type":"cond-expr","locations":[{"start":{"line":74,"column":37},"end":{"line":74,"column":57}},{"start":{"line":74,"column":60},"end":{"line":74,"column":78}}]}},"s":{"0":0,"1":0,"2":0,"3":0,"4":0,"5":0,"6":0,"7":0,"8":0,"9":0,"10":0,"11":0,"12":0,"13":0,"14":0,"15":0,"16":0,"17":0,"18":0,"19":0,"20":0,"21":0,"22":0,"23":0,"24":0,"25":0,"26":0,"27":0,"28":0,"29":0,"30":0,"31":0,"32":0,"33":0,"34":0,"35":0,"36":0,"37":0,"38":0,"39":0,"40":0,"41":0},"f":{"0":0,"1":0,"2":0,"3":0,"4":0,"5":0,"6":0,"7":0},"b":{"0":[0,0],"1":[0],"2":[0,0],"3":[0],"4":[0,0],"5":[0,0],"6":[0,0,0],"7":[0],"8":[0,0],"9":[0],"10":[0],"11":[0],"12":[0],"13":[0,0],"14":[0,0],"15":[0,0],"16":[0,0],"17":[0,0],"18":[0,0]}}
,"C:\\Users\\denny\\Documents\\GitHub\\pocket-money\\src\\ui\\dashboard_components\\QuickActions.tsx": {"path":"C:\\Users\\denny\\Documents\\GitHub\\pocket-money\\src\\ui\\dashboard_components\\QuickActions.tsx","statementMap":{"0":{"start":{"line":2,"column":21},"end":{"line":11,"column":1}},"1":{"start":{"line":3,"column":2},"end":{"line":10,"column":4}},"2":{"start":{"line":12,"column":0},"end":{"line":12,"column":28}}},"fnMap":{"0":{"name":"(anonymous_0)","decl":{"start":{"line":2,"column":21},"end":{"line":2,"column":24}},"loc":{"start":{"line":2,"column":26},"end":{"line":11,"column":1}}}},"branchMap":{},"s":{"0":0,"1":0,"2":0},"f":{"0":0},"b":{}}
,"C:\\Users\\denny\\Documents\\GitHub\\pocket-money\\src\\ui\\dashboard_components\\RecentActivityFeed.tsx": {"path":"C:\\Users\\denny\\Documents\\GitHub\\pocket-money\\src\\ui\\dashboard_components\\RecentActivityFeed.tsx","statementMap":{"0":{"start":{"line":2,"column":27},"end":{"line":12,"column":1}},"1":{"start":{"line":3,"column":2},"end":{"line":11,"column":4}},"2":{"start":{"line":13,"column":0},"end":{"line":13,"column":34}}},"fnMap":{"0":{"name":"(anonymous_0)","decl":{"start":{"line":2,"column":27},"end":{"line":2,"column":30}},"loc":{"start":{"line":2,"column":32},"end":{"line":12,"column":1}}}},"branchMap":{},"s":{"0":0,"1":0,"2":0},"f":{"0":0},"b":{}}
,"C:\\Users\\denny\\Documents\\GitHub\\pocket-money\\src\\ui\\dashboard_components\\TotalFundsSummary.tsx": {"path":"C:\\Users\\denny\\Documents\\GitHub\\pocket-money\\src\\ui\\dashboard_components\\TotalFundsSummary.tsx","statementMap":{"0":{"start":{"line":2,"column":26},"end":{"line":9,"column":1}},"1":{"start":{"line":3,"column":2},"end":{"line":8,"column":4}},"2":{"start":{"line":10,"column":0},"end":{"line":10,"column":33}}},"fnMap":{"0":{"name":"(anonymous_0)","decl":{"start":{"line":2,"column":26},"end":{"line":2,"column":29}},"loc":{"start":{"line":2,"column":31},"end":{"line":9,"column":1}}}},"branchMap":{},"s":{"0":1,"1":2,"2":1},"f":{"0":2},"b":{}}
,"C:\\Users\\denny\\Documents\\GitHub\\pocket-money\\src\\ui\\funds_management_components\\AddFundsForm.tsx": {"path":"C:\\Users\\denny\\Documents\\GitHub\\pocket-money\\src\\ui\\funds_management_components\\AddFundsForm.tsx","statementMap":{"0":{"start":{"line":2,"column":0},"end":{"line":2,"column":52}},"1":{"start":{"line":3,"column":0},"end":{"line":3,"column":70}},"2":{"start":{"line":4,"column":0},"end":{"line":4,"column":57}},"3":{"start":{"line":6,"column":21},"end":{"line":90,"column":1}},"4":{"start":{"line":7,"column":30},"end":{"line":7,"column":42}},"5":{"start":{"line":8,"column":30},"end":{"line":8,"column":56}},"6":{"start":{"line":9,"column":44},"end":{"line":9,"column":56}},"7":{"start":{"line":11,"column":23},"end":{"line":11,"column":44}},"8":{"start":{"line":12,"column":22},"end":{"line":12,"column":45}},"9":{"start":{"line":13,"column":15},"end":{"line":13,"column":44}},"10":{"start":{"line":15,"column":23},"end":{"line":33,"column":3}},"11":{"start":{"line":16,"column":4},"end":{"line":16,"column":27}},"12":{"start":{"line":17,"column":26},"end":{"line":17,"column":44}},"13":{"start":{"line":19,"column":4},"end":{"line":22,"column":5}},"14":{"start":{"line":20,"column":6},"end":{"line":20,"column":53}},"15":{"start":{"line":21,"column":6},"end":{"line":21,"column":13}},"16":{"start":{"line":25,"column":20},"end":{"line":25,"column":98}},"17":{"start":{"line":25,"column":51},"end":{"line":25,"column":73}},"18":{"start":{"line":26,"column":4},"end":{"line":26,"column":97}},"19":{"start":{"line":29,"column":4},"end":{"line":29,"column":80}},"20":{"start":{"line":30,"column":4},"end":{"line":30,"column":80}},"21":{"start":{"line":31,"column":4},"end":{"line":31,"column":18}},"22":{"start":{"line":35,"column":2},"end":{"line":89,"column":4}},"23":{"start":{"line":48,"column":29},"end":{"line":48,"column":54}},"24":{"start":{"line":60,"column":29},"end":{"line":60,"column":54}},"25":{"start":{"line":74,"column":29},"end":{"line":74,"column":61}},"26":{"start":{"line":79,"column":14},"end":{"line":79,"column":35}},"27":{"start":{"line":91,"column":0},"end":{"line":91,"column":28}}},"fnMap":{"0":{"name":"(anonymous_0)","decl":{"start":{"line":6,"column":21},"end":{"line":6,"column":24}},"loc":{"start":{"line":6,"column":26},"end":{"line":90,"column":1}}},"1":{"name":"(anonymous_1)","decl":{"start":{"line":15,"column":23},"end":{"line":15,"column":24}},"loc":{"start":{"line":15,"column":67},"end":{"line":33,"column":3}}},"2":{"name":"(anonymous_2)","decl":{"start":{"line":25,"column":46},"end":{"line":25,"column":47}},"loc":{"start":{"line":25,"column":51},"end":{"line":25,"column":73}}},"3":{"name":"(anonymous_3)","decl":{"start":{"line":48,"column":22},"end":{"line":48,"column":23}},"loc":{"start":{"line":48,"column":29},"end":{"line":48,"column":54}}},"4":{"name":"(anonymous_4)","decl":{"start":{"line":60,"column":22},"end":{"line":60,"column":23}},"loc":{"start":{"line":60,"column":29},"end":{"line":60,"column":54}}},"5":{"name":"(anonymous_5)","decl":{"start":{"line":74,"column":22},"end":{"line":74,"column":23}},"loc":{"start":{"line":74,"column":29},"end":{"line":74,"column":61}}},"6":{"name":"(anonymous_6)","decl":{"start":{"line":78,"column":22},"end":{"line":78,"column":25}},"loc":{"start":{"line":79,"column":14},"end":{"line":79,"column":35}}}},"branchMap":{"0":{"loc":{"start":{"line":13,"column":15},"end":{"line":13,"column":44}},"type":"binary-expr","locations":[{"start":{"line":13,"column":15},"end":{"line":13,"column":38}},{"start":{"line":13,"column":42},"end":{"line":13,"column":44}}]},"1":{"loc":{"start":{"line":19,"column":4},"end":{"line":22,"column":5}},"type":"if","locations":[{"start":{"line":19,"column":4},"end":{"line":22,"column":5}}]},"2":{"loc":{"start":{"line":19,"column":8},"end":{"line":19,"column":50}},"type":"binary-expr","locations":[{"start":{"line":19,"column":8},"end":{"line":19,"column":28}},{"start":{"line":19,"column":32},"end":{"line":19,"column":50}}]},"3":{"loc":{"start":{"line":25,"column":20},"end":{"line":25,"column":98}},"type":"cond-expr","locations":[{"start":{"line":25,"column":36},"end":{"line":25,"column":80}},{"start":{"line":25,"column":83},"end":{"line":25,"column":98}}]},"4":{"loc":{"start":{"line":26,"column":69},"end":{"line":26,"column":95}},"type":"binary-expr","locations":[{"start":{"line":26,"column":69},"end":{"line":26,"column":82}},{"start":{"line":26,"column":86},"end":{"line":26,"column":95}}]},"5":{"loc":{"start":{"line":75,"column":22},"end":{"line":75,"column":63}},"type":"binary-expr","locations":[{"start":{"line":75,"column":22},"end":{"line":75,"column":42}},{"start":{"line":75,"column":46},"end":{"line":75,"column":63}}]}},"s":{"0":0,"1":0,"2":0,"3":0,"4":0,"5":0,"6":0,"7":0,"8":0,"9":0,"10":0,"11":0,"12":0,"13":0,"14":0,"15":0,"16":0,"17":0,"18":0,"19":0,"20":0,"21":0,"22":0,"23":0,"24":0,"25":0,"26":0,"27":0},"f":{"0":0,"1":0,"2":0,"3":0,"4":0,"5":0,"6":0},"b":{"0":[0,0],"1":[0],"2":[0,0],"3":[0,0],"4":[0,0],"5":[0,0]}}
,"C:\\Users\\denny\\Documents\\GitHub\\pocket-money\\src\\ui\\settings_components\\AppPreferences.tsx": {"path":"C:\\Users\\denny\\Documents\\GitHub\\pocket-money\\src\\ui\\settings_components\\AppPreferences.tsx","statementMap":{"0":{"start":{"line":2,"column":23},"end":{"line":22,"column":1}},"1":{"start":{"line":3,"column":2},"end":{"line":21,"column":4}},"2":{"start":{"line":23,"column":0},"end":{"line":23,"column":30}}},"fnMap":{"0":{"name":"(anonymous_0)","decl":{"start":{"line":2,"column":23},"end":{"line":2,"column":26}},"loc":{"start":{"line":2,"column":28},"end":{"line":22,"column":1}}}},"branchMap":{},"s":{"0":0,"1":0,"2":0},"f":{"0":0},"b":{}}
,"C:\\Users\\denny\\Documents\\GitHub\\pocket-money\\src\\ui\\settings_components\\NotificationSettings.tsx": {"path":"C:\\Users\\denny\\Documents\\GitHub\\pocket-money\\src\\ui\\settings_components\\NotificationSettings.tsx","statementMap":{"0":{"start":{"line":2,"column":29},"end":{"line":20,"column":1}},"1":{"start":{"line":3,"column":2},"end":{"line":19,"column":4}},"2":{"start":{"line":21,"column":0},"end":{"line":21,"column":36}}},"fnMap":{"0":{"name":"(anonymous_0)","decl":{"start":{"line":2,"column":29},"end":{"line":2,"column":32}},"loc":{"start":{"line":2,"column":34},"end":{"line":20,"column":1}}}},"branchMap":{},"s":{"0":0,"1":0,"2":0},"f":{"0":0},"b":{}}
,"C:\\Users\\denny\\Documents\\GitHub\\pocket-money\\src\\ui\\settings_components\\PaymentSettings.tsx": {"path":"C:\\Users\\denny\\Documents\\GitHub\\pocket-money\\src\\ui\\settings_components\\PaymentSettings.tsx","statementMap":{"0":{"start":{"line":2,"column":24},"end":{"line":18,"column":1}},"1":{"start":{"line":3,"column":2},"end":{"line":17,"column":4}},"2":{"start":{"line":19,"column":0},"end":{"line":19,"column":31}}},"fnMap":{"0":{"name":"(anonymous_0)","decl":{"start":{"line":2,"column":24},"end":{"line":2,"column":27}},"loc":{"start":{"line":2,"column":29},"end":{"line":18,"column":1}}}},"branchMap":{},"s":{"0":0,"1":0,"2":0},"f":{"0":0},"b":{}}
,"C:\\Users\\denny\\Documents\\GitHub\\pocket-money\\src\\ui\\settings_components\\SupportLegal.tsx": {"path":"C:\\Users\\denny\\Documents\\GitHub\\pocket-money\\src\\ui\\settings_components\\SupportLegal.tsx","statementMap":{"0":{"start":{"line":2,"column":21},"end":{"line":13,"column":1}},"1":{"start":{"line":3,"column":2},"end":{"line":12,"column":4}},"2":{"start":{"line":6,"column":65},"end":{"line":6,"column":83}},"3":{"start":{"line":7,"column":65},"end":{"line":7,"column":83}},"4":{"start":{"line":8,"column":65},"end":{"line":8,"column":83}},"5":{"start":{"line":9,"column":65},"end":{"line":9,"column":83}},"6":{"start":{"line":14,"column":0},"end":{"line":14,"column":28}}},"fnMap":{"0":{"name":"(anonymous_0)","decl":{"start":{"line":2,"column":21},"end":{"line":2,"column":24}},"loc":{"start":{"line":2,"column":26},"end":{"line":13,"column":1}}},"1":{"name":"(anonymous_1)","decl":{"start":{"line":6,"column":58},"end":{"line":6,"column":59}},"loc":{"start":{"line":6,"column":65},"end":{"line":6,"column":83}}},"2":{"name":"(anonymous_2)","decl":{"start":{"line":7,"column":58},"end":{"line":7,"column":59}},"loc":{"start":{"line":7,"column":65},"end":{"line":7,"column":83}}},"3":{"name":"(anonymous_3)","decl":{"start":{"line":8,"column":58},"end":{"line":8,"column":59}},"loc":{"start":{"line":8,"column":65},"end":{"line":8,"column":83}}},"4":{"name":"(anonymous_4)","decl":{"start":{"line":9,"column":58},"end":{"line":9,"column":59}},"loc":{"start":{"line":9,"column":65},"end":{"line":9,"column":83}}}},"branchMap":{},"s":{"0":0,"1":0,"2":0,"3":0,"4":0,"5":0,"6":0},"f":{"0":0,"1":0,"2":0,"3":0,"4":0},"b":{}}
,"C:\\Users\\denny\\Documents\\GitHub\\pocket-money\\src\\utils\\dateUtils.ts": {"path":"C:\\Users\\denny\\Documents\\GitHub\\pocket-money\\src\\utils\\dateUtils.ts","statementMap":{"0":{"start":{"line":2,"column":34},"end":{"line":5,"column":1}},"1":{"start":{"line":3,"column":16},"end":{"line":3,"column":26}},"2":{"start":{"line":4,"column":2},"end":{"line":4,"column":43}},"3":{"start":{"line":2,"column":13},"end":{"line":2,"column":34}},"4":{"start":{"line":7,"column":28},"end":{"line":18,"column":1}},"5":{"start":{"line":8,"column":16},"end":{"line":8,"column":30}},"6":{"start":{"line":9,"column":20},"end":{"line":9,"column":34}},"7":{"start":{"line":10,"column":23},"end":{"line":10,"column":59}},"8":{"start":{"line":11,"column":2},"end":{"line":11,"column":47}},"9":{"start":{"line":12,"column":2},"end":{"line":12,"column":29}},"10":{"start":{"line":14,"column":14},"end":{"line":14,"column":29}},"11":{"start":{"line":15,"column":2},"end":{"line":15,"column":35}},"12":{"start":{"line":16,"column":2},"end":{"line":16,"column":32}},"13":{"start":{"line":17,"column":2},"end":{"line":17,"column":24}},"14":{"start":{"line":7,"column":13},"end":{"line":7,"column":28}},"15":{"start":{"line":20,"column":29},"end":{"line":26,"column":1}},"16":{"start":{"line":21,"column":16},"end":{"line":21,"column":64}},"17":{"start":{"line":22,"column":2},"end":{"line":22,"column":29}},"18":{"start":{"line":23,"column":14},"end":{"line":23,"column":66}},"19":{"start":{"line":24,"column":2},"end":{"line":24,"column":32}},"20":{"start":{"line":25,"column":2},"end":{"line":25,"column":24}},"21":{"start":{"line":20,"column":13},"end":{"line":20,"column":29}},"22":{"start":{"line":28,"column":30},"end":{"line":33,"column":1}},"23":{"start":{"line":29,"column":15},"end":{"line":29,"column":25}},"24":{"start":{"line":30,"column":1},"end":{"line":30,"column":25}},"25":{"start":{"line":31,"column":14},"end":{"line":31,"column":34}},"26":{"start":{"line":32,"column":1},"end":{"line":32,"column":22}},"27":{"start":{"line":28,"column":13},"end":{"line":28,"column":30}}},"fnMap":{"0":{"name":"(anonymous_0)","decl":{"start":{"line":2,"column":34},"end":{"line":2,"column":45}},"loc":{"start":{"line":2,"column":47},"end":{"line":5,"column":1}}},"1":{"name":"(anonymous_1)","decl":{"start":{"line":7,"column":28},"end":{"line":7,"column":29}},"loc":{"start":{"line":7,"column":71},"end":{"line":18,"column":1}}},"2":{"name":"(anonymous_2)","decl":{"start":{"line":20,"column":29},"end":{"line":20,"column":30}},"loc":{"start":{"line":20,"column":72},"end":{"line":26,"column":1}}},"3":{"name":"(anonymous_3)","decl":{"start":{"line":28,"column":30},"end":{"line":28,"column":31}},"loc":{"start":{"line":28,"column":62},"end":{"line":33,"column":1}}}},"branchMap":{"0":{"loc":{"start":{"line":10,"column":23},"end":{"line":10,"column":59}},"type":"cond-expr","locations":[{"start":{"line":10,"column":41},"end":{"line":10,"column":43}},{"start":{"line":10,"column":46},"end":{"line":10,"column":59}}]}},"s":{"0":1,"1":1,"2":1,"3":1,"4":1,"5":0,"6":0,"7":0,"8":0,"9":0,"10":0,"11":0,"12":0,"13":0,"14":1,"15":1,"16":0,"17":0,"18":0,"19":0,"20":0,"21":1,"22":1,"23":5,"24":5,"25":5,"26":5,"27":1},"f":{"0":1,"1":0,"2":0,"3":5},"b":{"0":[0,0]}}
}
