{"/app/src/App.tsx": {"path":"/app/src/App.tsx","statementMap":{"0":{"start":{"line":2,"column":0},"end":{"line":2,"column":44}},"1":{"start":{"line":3,"column":0},"end":{"line":3,"column":70}},"2":{"start":{"line":4,"column":0},"end":{"line":4,"column":47}},"3":{"start":{"line":5,"column":0},"end":{"line":5,"column":59}},"4":{"start":{"line":6,"column":0},"end":{"line":6,"column":45}},"5":{"start":{"line":7,"column":0},"end":{"line":7,"column":65}},"6":{"start":{"line":8,"column":0},"end":{"line":8,"column":47}},"7":{"start":{"line":9,"column":0},"end":{"line":9,"column":59}},"8":{"start":{"line":10,"column":0},"end":{"line":10,"column":41}},"9":{"start":{"line":11,"column":0},"end":{"line":11,"column":54}},"10":{"start":{"line":12,"column":0},"end":{"line":12,"column":64}},"11":{"start":{"line":13,"column":0},"end":{"line":13,"column":58}},"12":{"start":{"line":16,"column":28},"end":{"line":16,"column":45}},"13":{"start":{"line":18,"column":22},"end":{"line":20,"column":3}},"14":{"start":{"line":19,"column":4},"end":{"line":19,"column":70}},"15":{"start":{"line":19,"column":27},"end":{"line":19,"column":67}},"16":{"start":{"line":22,"column":2},"end":{"line":24,"column":14}},"17":{"start":{"line":23,"column":4},"end":{"line":23,"column":63}},"18":{"start":{"line":26,"column":2},"end":{"line":74,"column":4}},"19":{"start":{"line":77,"column":0},"end":{"line":77,"column":19}}},"fnMap":{"0":{"name":"App","decl":{"start":{"line":15,"column":9},"end":{"line":15,"column":12}},"loc":{"start":{"line":15,"column":12},"end":{"line":75,"column":1}}},"1":{"name":"(anonymous_2)","decl":{"start":{"line":18,"column":22},"end":{"line":18,"column":25}},"loc":{"start":{"line":18,"column":27},"end":{"line":20,"column":3}}},"2":{"name":"(anonymous_3)","decl":{"start":{"line":19,"column":13},"end":{"line":19,"column":22}},"loc":{"start":{"line":19,"column":27},"end":{"line":19,"column":67}}},"3":{"name":"(anonymous_4)","decl":{"start":{"line":22,"column":12},"end":{"line":22,"column":15}},"loc":{"start":{"line":22,"column":17},"end":{"line":24,"column":3}}}},"branchMap":{"0":{"loc":{"start":{"line":19,"column":27},"end":{"line":19,"column":67}},"type":"cond-expr","locations":[{"start":{"line":19,"column":51},"end":{"line":19,"column":57}},{"start":{"line":19,"column":60},"end":{"line":19,"column":67}}]},"1":{"loc":{"start":{"line":53,"column":29},"end":{"line":53,"column":65}},"type":"cond-expr","locations":[{"start":{"line":53,"column":49},"end":{"line":53,"column":55}},{"start":{"line":53,"column":58},"end":{"line":53,"column":65}}]}},"s":{"0":0,"1":0,"2":0,"3":0,"4":0,"5":0,"6":0,"7":0,"8":0,"9":0,"10":0,"11":0,"12":0,"13":0,"14":0,"15":0,"16":0,"17":0,"18":0,"19":0},"f":{"0":0,"1":0,"2":0,"3":0},"b":{"0":[0,0],"1":[0,0]}}
,"/app/src/contexts/ChoresContext.tsx": {"path":"/app/src/contexts/ChoresContext.tsx","statementMap":{"0":{"start":{"line":2,"column":0},"end":{"line":2,"column":78}},"1":{"start":{"line":4,"column":0},"end":{"line":4,"column":67}},"2":{"start":{"line":5,"column":0},"end":{"line":5,"column":61}},"3":{"start":{"line":19,"column":13},"end":{"line":19,"column":85}},"4":{"start":{"line":22,"column":32},"end":{"line":28,"column":1}},"5":{"start":{"line":23,"column":18},"end":{"line":23,"column":43}},"6":{"start":{"line":24,"column":2},"end":{"line":26,"column":3}},"7":{"start":{"line":25,"column":4},"end":{"line":25,"column":77}},"8":{"start":{"line":27,"column":2},"end":{"line":27,"column":17}},"9":{"start":{"line":22,"column":13},"end":{"line":22,"column":32}},"10":{"start":{"line":35,"column":61},"end":{"line":193,"column":1}},"11":{"start":{"line":37,"column":50},"end":{"line":79,"column":4}},"12":{"start":{"line":82,"column":46},"end":{"line":86,"column":4}},"13":{"start":{"line":88,"column":27},"end":{"line":88,"column":48}},"14":{"start":{"line":91,"column":29},"end":{"line":98,"column":3}},"15":{"start":{"line":92,"column":41},"end":{"line":96,"column":6}},"16":{"start":{"line":97,"column":4},"end":{"line":97,"column":64}},"17":{"start":{"line":97,"column":36},"end":{"line":97,"column":62}},"18":{"start":{"line":101,"column":38},"end":{"line":124,"column":3}},"19":{"start":{"line":102,"column":21},"end":{"line":102,"column":72}},"20":{"start":{"line":102,"column":49},"end":{"line":102,"column":71}},"21":{"start":{"line":103,"column":4},"end":{"line":106,"column":5}},"22":{"start":{"line":104,"column":6},"end":{"line":104,"column":70}},"23":{"start":{"line":105,"column":6},"end":{"line":105,"column":13}},"24":{"start":{"line":108,"column":23},"end":{"line":108,"column":90}},"25":{"start":{"line":108,"column":52},"end":{"line":108,"column":89}},"26":{"start":{"line":109,"column":4},"end":{"line":112,"column":5}},"27":{"start":{"line":110,"column":6},"end":{"line":110,"column":120}},"28":{"start":{"line":111,"column":6},"end":{"line":111,"column":13}},"29":{"start":{"line":115,"column":4},"end":{"line":117,"column":5}},"30":{"start":{"line":116,"column":6},"end":{"line":116,"column":120}},"31":{"start":{"line":119,"column":4},"end":{"line":123,"column":6}},"32":{"start":{"line":120,"column":6},"end":{"line":121,"column":null}},"33":{"start":{"line":121,"column":8},"end":{"line":121,"column":81}},"34":{"start":{"line":127,"column":36},"end":{"line":129,"column":3}},"35":{"start":{"line":128,"column":4},"end":{"line":128,"column":71}},"36":{"start":{"line":128,"column":42},"end":{"line":128,"column":69}},"37":{"start":{"line":132,"column":37},"end":{"line":160,"column":3}},"38":{"start":{"line":133,"column":4},"end":{"line":133,"column":91}},"39":{"start":{"line":134,"column":31},"end":{"line":134,"column":103}},"40":{"start":{"line":136,"column":4},"end":{"line":159,"column":7}},"41":{"start":{"line":138,"column":30},"end":{"line":147,"column":8}},"42":{"start":{"line":139,"column":25},"end":{"line":139,"column":52}},"43":{"start":{"line":140,"column":8},"end":{"line":140,"column":38}},"44":{"start":{"line":142,"column":32},"end":{"line":142,"column":57}},"45":{"start":{"line":143,"column":8},"end":{"line":143,"column":45}},"46":{"start":{"line":144,"column":30},"end":{"line":144,"column":53}},"47":{"start":{"line":145,"column":8},"end":{"line":145,"column":43}},"48":{"start":{"line":146,"column":8},"end":{"line":146,"column":70}},"49":{"start":{"line":150,"column":40},"end":{"line":156,"column":8}},"50":{"start":{"line":151,"column":36},"end":{"line":151,"column":96}},"51":{"start":{"line":151,"column":66},"end":{"line":151,"column":95}},"52":{"start":{"line":152,"column":8},"end":{"line":154,"column":9}},"53":{"start":{"line":153,"column":10},"end":{"line":153,"column":80}},"54":{"start":{"line":155,"column":8},"end":{"line":155,"column":27}},"55":{"start":{"line":158,"column":6},"end":{"line":158,"column":64}},"56":{"start":{"line":162,"column":32},"end":{"line":177,"column":3}},"57":{"start":{"line":163,"column":4},"end":{"line":176,"column":6}},"58":{"start":{"line":164,"column":6},"end":{"line":175,"column":8}},"59":{"start":{"line":165,"column":8},"end":{"line":173,"column":9}},"60":{"start":{"line":166,"column":34},"end":{"line":171,"column":12}},"61":{"start":{"line":167,"column":12},"end":{"line":169,"column":13}},"62":{"start":{"line":168,"column":14},"end":{"line":168,"column":59}},"63":{"start":{"line":170,"column":12},"end":{"line":170,"column":22}},"64":{"start":{"line":172,"column":10},"end":{"line":172,"column":55}},"65":{"start":{"line":174,"column":8},"end":{"line":174,"column":19}},"66":{"start":{"line":180,"column":2},"end":{"line":192,"column":4}},"67":{"start":{"line":35,"column":13},"end":{"line":35,"column":61}}},"fnMap":{"0":{"name":"(anonymous_0)","decl":{"start":{"line":22,"column":32},"end":{"line":22,"column":54}},"loc":{"start":{"line":22,"column":56},"end":{"line":28,"column":1}}},"1":{"name":"(anonymous_1)","decl":{"start":{"line":35,"column":61},"end":{"line":35,"column":62}},"loc":{"start":{"line":35,"column":78},"end":{"line":193,"column":1}}},"2":{"name":"(anonymous_2)","decl":{"start":{"line":91,"column":29},"end":{"line":91,"column":30}},"loc":{"start":{"line":91,"column":90},"end":{"line":98,"column":3}}},"3":{"name":"(anonymous_3)","decl":{"start":{"line":97,"column":24},"end":{"line":97,"column":32}},"loc":{"start":{"line":97,"column":36},"end":{"line":97,"column":62}}},"4":{"name":"(anonymous_4)","decl":{"start":{"line":101,"column":38},"end":{"line":101,"column":39}},"loc":{"start":{"line":101,"column":61},"end":{"line":124,"column":3}}},"5":{"name":"(anonymous_5)","decl":{"start":{"line":102,"column":41},"end":{"line":102,"column":45}},"loc":{"start":{"line":102,"column":49},"end":{"line":102,"column":71}}},"6":{"name":"(anonymous_6)","decl":{"start":{"line":108,"column":45},"end":{"line":108,"column":48}},"loc":{"start":{"line":108,"column":52},"end":{"line":108,"column":89}}},"7":{"name":"(anonymous_7)","decl":{"start":{"line":119,"column":22},"end":{"line":119,"column":35}},"loc":{"start":{"line":120,"column":6},"end":{"line":121,"column":null}}},"8":{"name":"(anonymous_8)","decl":{"start":{"line":120,"column":24},"end":{"line":120,"column":28}},"loc":{"start":{"line":121,"column":8},"end":{"line":121,"column":81}}},"9":{"name":"(anonymous_9)","decl":{"start":{"line":127,"column":36},"end":{"line":127,"column":37}},"loc":{"start":{"line":127,"column":73},"end":{"line":129,"column":3}}},"10":{"name":"(anonymous_10)","decl":{"start":{"line":128,"column":35},"end":{"line":128,"column":38}},"loc":{"start":{"line":128,"column":42},"end":{"line":128,"column":69}}},"11":{"name":"(anonymous_11)","decl":{"start":{"line":132,"column":37},"end":{"line":132,"column":38}},"loc":{"start":{"line":132,"column":88},"end":{"line":160,"column":3}}},"12":{"name":"(anonymous_12)","decl":{"start":{"line":136,"column":22},"end":{"line":136,"column":35}},"loc":{"start":{"line":136,"column":38},"end":{"line":159,"column":5}}},"13":{"name":"(anonymous_13)","decl":{"start":{"line":138,"column":51},"end":{"line":138,"column":55}},"loc":{"start":{"line":138,"column":58},"end":{"line":147,"column":7}}},"14":{"name":"(anonymous_14)","decl":{"start":{"line":150,"column":63},"end":{"line":150,"column":74}},"loc":{"start":{"line":150,"column":77},"end":{"line":156,"column":7}}},"15":{"name":"(anonymous_15)","decl":{"start":{"line":151,"column":55},"end":{"line":151,"column":62}},"loc":{"start":{"line":151,"column":66},"end":{"line":151,"column":95}}},"16":{"name":"(anonymous_16)","decl":{"start":{"line":162,"column":32},"end":{"line":162,"column":33}},"loc":{"start":{"line":162,"column":81},"end":{"line":177,"column":3}}},"17":{"name":"(anonymous_17)","decl":{"start":{"line":163,"column":24},"end":{"line":163,"column":32}},"loc":{"start":{"line":164,"column":6},"end":{"line":175,"column":8}}},"18":{"name":"(anonymous_18)","decl":{"start":{"line":164,"column":19},"end":{"line":164,"column":22}},"loc":{"start":{"line":164,"column":25},"end":{"line":175,"column":7}}},"19":{"name":"(anonymous_19)","decl":{"start":{"line":166,"column":52},"end":{"line":166,"column":54}},"loc":{"start":{"line":166,"column":57},"end":{"line":171,"column":11}}}},"branchMap":{"0":{"loc":{"start":{"line":24,"column":2},"end":{"line":26,"column":3}},"type":"if","locations":[{"start":{"line":24,"column":2},"end":{"line":26,"column":3}}]},"1":{"loc":{"start":{"line":103,"column":4},"end":{"line":106,"column":5}},"type":"if","locations":[{"start":{"line":103,"column":4},"end":{"line":106,"column":5}}]},"2":{"loc":{"start":{"line":109,"column":4},"end":{"line":112,"column":5}},"type":"if","locations":[{"start":{"line":109,"column":4},"end":{"line":112,"column":5}}]},"3":{"loc":{"start":{"line":115,"column":4},"end":{"line":117,"column":5}},"type":"if","locations":[{"start":{"line":115,"column":4},"end":{"line":117,"column":5}}]},"4":{"loc":{"start":{"line":115,"column":8},"end":{"line":115,"column":114}},"type":"binary-expr","locations":[{"start":{"line":115,"column":8},"end":{"line":115,"column":28}},{"start":{"line":115,"column":32},"end":{"line":115,"column":56}},{"start":{"line":115,"column":60},"end":{"line":115,"column":83}},{"start":{"line":115,"column":87},"end":{"line":115,"column":114}}]},"5":{"loc":{"start":{"line":121,"column":8},"end":{"line":121,"column":81}},"type":"cond-expr","locations":[{"start":{"line":121,"column":33},"end":{"line":121,"column":74}},{"start":{"line":121,"column":77},"end":{"line":121,"column":81}}]},"6":{"loc":{"start":{"line":146,"column":15},"end":{"line":146,"column":69}},"type":"binary-expr","locations":[{"start":{"line":146,"column":15},"end":{"line":146,"column":41}},{"start":{"line":146,"column":45},"end":{"line":146,"column":69}}]},"7":{"loc":{"start":{"line":152,"column":8},"end":{"line":154,"column":9}},"type":"if","locations":[{"start":{"line":152,"column":8},"end":{"line":154,"column":9}}]},"8":{"loc":{"start":{"line":165,"column":8},"end":{"line":173,"column":9}},"type":"if","locations":[{"start":{"line":165,"column":8},"end":{"line":173,"column":9}}]},"9":{"loc":{"start":{"line":167,"column":12},"end":{"line":169,"column":13}},"type":"if","locations":[{"start":{"line":167,"column":12},"end":{"line":169,"column":13}}]}},"s":{"0":0,"1":0,"2":0,"3":0,"4":0,"5":0,"6":0,"7":0,"8":0,"9":0,"10":0,"11":0,"12":0,"13":0,"14":0,"15":0,"16":0,"17":0,"18":0,"19":0,"20":0,"21":0,"22":0,"23":0,"24":0,"25":0,"26":0,"27":0,"28":0,"29":0,"30":0,"31":0,"32":0,"33":0,"34":0,"35":0,"36":0,"37":0,"38":0,"39":0,"40":0,"41":0,"42":0,"43":0,"44":0,"45":0,"46":0,"47":0,"48":0,"49":0,"50":0,"51":0,"52":0,"53":0,"54":0,"55":0,"56":0,"57":0,"58":0,"59":0,"60":0,"61":0,"62":0,"63":0,"64":0,"65":0,"66":0,"67":0},"f":{"0":0,"1":0,"2":0,"3":0,"4":0,"5":0,"6":0,"7":0,"8":0,"9":0,"10":0,"11":0,"12":0,"13":0,"14":0,"15":0,"16":0,"17":0,"18":0,"19":0},"b":{"0":[0],"1":[0],"2":[0],"3":[0],"4":[0,0,0,0],"5":[0,0],"6":[0,0],"7":[0],"8":[0],"9":[0]}}
,"/app/src/contexts/FinancialContext.tsx": {"path":"/app/src/contexts/FinancialContext.tsx","statementMap":{"0":{"start":{"line":2,"column":0},"end":{"line":2,"column":78}},"1":{"start":{"line":28,"column":13},"end":{"line":28,"column":91}},"2":{"start":{"line":31,"column":35},"end":{"line":37,"column":1}},"3":{"start":{"line":32,"column":18},"end":{"line":32,"column":46}},"4":{"start":{"line":33,"column":2},"end":{"line":35,"column":3}},"5":{"start":{"line":34,"column":4},"end":{"line":34,"column":83}},"6":{"start":{"line":36,"column":2},"end":{"line":36,"column":17}},"7":{"start":{"line":31,"column":13},"end":{"line":31,"column":35}},"8":{"start":{"line":44,"column":67},"end":{"line":112,"column":1}},"9":{"start":{"line":45,"column":44},"end":{"line":54,"column":4}},"10":{"start":{"line":56,"column":19},"end":{"line":73,"column":3}},"11":{"start":{"line":57,"column":4},"end":{"line":60,"column":5}},"12":{"start":{"line":58,"column":6},"end":{"line":58,"column":57}},"13":{"start":{"line":59,"column":6},"end":{"line":59,"column":13}},"14":{"start":{"line":61,"column":40},"end":{"line":68,"column":6}},"15":{"start":{"line":69,"column":4},"end":{"line":72,"column":8}},"16":{"start":{"line":69,"column":36},"end":{"line":72,"column":6}},"17":{"start":{"line":75,"column":25},"end":{"line":85,"column":3}},"18":{"start":{"line":76,"column":40},"end":{"line":80,"column":6}},"19":{"start":{"line":81,"column":4},"end":{"line":84,"column":8}},"20":{"start":{"line":81,"column":36},"end":{"line":84,"column":6}},"21":{"start":{"line":87,"column":23},"end":{"line":105,"column":3}},"22":{"start":{"line":88,"column":4},"end":{"line":91,"column":5}},"23":{"start":{"line":89,"column":6},"end":{"line":89,"column":58}},"24":{"start":{"line":90,"column":6},"end":{"line":90,"column":13}},"25":{"start":{"line":92,"column":40},"end":{"line":99,"column":6}},"26":{"start":{"line":100,"column":4},"end":{"line":103,"column":8}},"27":{"start":{"line":100,"column":36},"end":{"line":103,"column":6}},"28":{"start":{"line":104,"column":4},"end":{"line":104,"column":88}},"29":{"start":{"line":107,"column":2},"end":{"line":111,"column":4}},"30":{"start":{"line":44,"column":13},"end":{"line":44,"column":67}}},"fnMap":{"0":{"name":"(anonymous_0)","decl":{"start":{"line":31,"column":35},"end":{"line":31,"column":38}},"loc":{"start":{"line":31,"column":40},"end":{"line":37,"column":1}}},"1":{"name":"(anonymous_1)","decl":{"start":{"line":44,"column":67},"end":{"line":44,"column":68}},"loc":{"start":{"line":44,"column":84},"end":{"line":112,"column":1}}},"2":{"name":"(anonymous_2)","decl":{"start":{"line":56,"column":19},"end":{"line":56,"column":20}},"loc":{"start":{"line":56,"column":91},"end":{"line":73,"column":3}}},"3":{"name":"(anonymous_3)","decl":{"start":{"line":69,"column":21},"end":{"line":69,"column":22}},"loc":{"start":{"line":69,"column":36},"end":{"line":72,"column":6}}},"4":{"name":"(anonymous_4)","decl":{"start":{"line":75,"column":25},"end":{"line":75,"column":26}},"loc":{"start":{"line":75,"column":82},"end":{"line":85,"column":3}}},"5":{"name":"(anonymous_5)","decl":{"start":{"line":81,"column":21},"end":{"line":81,"column":22}},"loc":{"start":{"line":81,"column":36},"end":{"line":84,"column":6}}},"6":{"name":"(anonymous_6)","decl":{"start":{"line":87,"column":23},"end":{"line":87,"column":24}},"loc":{"start":{"line":87,"column":83},"end":{"line":105,"column":3}}},"7":{"name":"(anonymous_7)","decl":{"start":{"line":100,"column":21},"end":{"line":100,"column":22}},"loc":{"start":{"line":100,"column":36},"end":{"line":103,"column":6}}}},"branchMap":{"0":{"loc":{"start":{"line":33,"column":2},"end":{"line":35,"column":3}},"type":"if","locations":[{"start":{"line":33,"column":2},"end":{"line":35,"column":3}}]},"1":{"loc":{"start":{"line":56,"column":36},"end":{"line":56,"column":71}},"type":"default-arg","locations":[{"start":{"line":56,"column":58},"end":{"line":56,"column":71}}]},"2":{"loc":{"start":{"line":57,"column":4},"end":{"line":60,"column":5}},"type":"if","locations":[{"start":{"line":57,"column":4},"end":{"line":60,"column":5}}]},"3":{"loc":{"start":{"line":88,"column":4},"end":{"line":91,"column":5}},"type":"if","locations":[{"start":{"line":88,"column":4},"end":{"line":91,"column":5}}]}},"s":{"0":1,"1":1,"2":1,"3":2,"4":2,"5":0,"6":2,"7":1,"8":1,"9":0,"10":0,"11":0,"12":0,"13":0,"14":0,"15":0,"16":0,"17":0,"18":0,"19":0,"20":0,"21":0,"22":0,"23":0,"24":0,"25":0,"26":0,"27":0,"28":0,"29":0,"30":1},"f":{"0":2,"1":0,"2":0,"3":0,"4":0,"5":0,"6":0,"7":0},"b":{"0":[0],"1":[0],"2":[0],"3":[0]}}
,"/app/src/contexts/UserContext.tsx": {"path":"/app/src/contexts/UserContext.tsx","statementMap":{"0":{"start":{"line":2,"column":0},"end":{"line":2,"column":77}},"1":{"start":{"line":19,"column":13},"end":{"line":19,"column":81}},"2":{"start":{"line":25,"column":57},"end":{"line":51,"column":1}},"3":{"start":{"line":26,"column":26},"end":{"line":26,"column":53}},"4":{"start":{"line":27,"column":32},"end":{"line":27,"column":46}},"5":{"start":{"line":29,"column":2},"end":{"line":44,"column":9}},"6":{"start":{"line":30,"column":18},"end":{"line":41,"column":12}},"7":{"start":{"line":31,"column":6},"end":{"line":39,"column":9}},"8":{"start":{"line":40,"column":6},"end":{"line":40,"column":24}},"9":{"start":{"line":43,"column":4},"end":{"line":43,"column":37}},"10":{"start":{"line":43,"column":17},"end":{"line":43,"column":36}},"11":{"start":{"line":46,"column":2},"end":{"line":50,"column":4}},"12":{"start":{"line":25,"column":13},"end":{"line":25,"column":57}}},"fnMap":{"0":{"name":"(anonymous_0)","decl":{"start":{"line":25,"column":57},"end":{"line":25,"column":58}},"loc":{"start":{"line":25,"column":74},"end":{"line":51,"column":1}}},"1":{"name":"(anonymous_1)","decl":{"start":{"line":29,"column":12},"end":{"line":29,"column":15}},"loc":{"start":{"line":29,"column":17},"end":{"line":44,"column":3}}},"2":{"name":"(anonymous_2)","decl":{"start":{"line":30,"column":29},"end":{"line":30,"column":32}},"loc":{"start":{"line":30,"column":34},"end":{"line":41,"column":5}}},"3":{"name":"(anonymous_3)","decl":{"start":{"line":43,"column":11},"end":{"line":43,"column":14}},"loc":{"start":{"line":43,"column":17},"end":{"line":43,"column":36}}}},"branchMap":{},"s":{"0":0,"1":0,"2":0,"3":0,"4":0,"5":0,"6":0,"7":0,"8":0,"9":0,"10":0,"11":0,"12":0},"f":{"0":0,"1":0,"2":0,"3":0},"b":{}}
,"/app/src/ui/ActivityMonitoringView.tsx": {"path":"/app/src/ui/ActivityMonitoringView.tsx","statementMap":{"0":{"start":{"line":2,"column":0},"end":{"line":2,"column":42}},"1":{"start":{"line":3,"column":0},"end":{"line":3,"column":79}},"2":{"start":{"line":4,"column":0},"end":{"line":4,"column":75}},"3":{"start":{"line":5,"column":0},"end":{"line":5,"column":95}},"4":{"start":{"line":6,"column":0},"end":{"line":6,"column":67}},"5":{"start":{"line":17,"column":31},"end":{"line":86,"column":1}},"6":{"start":{"line":18,"column":28},"end":{"line":18,"column":49}},"7":{"start":{"line":20,"column":44},"end":{"line":25,"column":4}},"8":{"start":{"line":27,"column":35},"end":{"line":30,"column":3}},"9":{"start":{"line":28,"column":4},"end":{"line":28,"column":72}},"10":{"start":{"line":29,"column":4},"end":{"line":29,"column":30}},"11":{"start":{"line":33,"column":27},"end":{"line":41,"column":34}},"12":{"start":{"line":34,"column":23},"end":{"line":34,"column":40}},"13":{"start":{"line":35,"column":4},"end":{"line":39,"column":7}},"14":{"start":{"line":36,"column":6},"end":{"line":38,"column":7}},"15":{"start":{"line":37,"column":8},"end":{"line":37,"column":36}},"16":{"start":{"line":40,"column":4},"end":{"line":40,"column":41}},"17":{"start":{"line":46,"column":45},"end":{"line":46,"column":71}},"18":{"start":{"line":48,"column":2},"end":{"line":52,"column":3}},"19":{"start":{"line":49,"column":4},"end":{"line":51,"column":6}},"20":{"start":{"line":50,"column":14},"end":{"line":50,"column":44}},"21":{"start":{"line":53,"column":2},"end":{"line":57,"column":3}},"22":{"start":{"line":54,"column":4},"end":{"line":56,"column":6}},"23":{"start":{"line":55,"column":14},"end":{"line":55,"column":80}},"24":{"start":{"line":58,"column":2},"end":{"line":62,"column":3}},"25":{"start":{"line":59,"column":4},"end":{"line":61,"column":6}},"26":{"start":{"line":60,"column":14},"end":{"line":60,"column":68}},"27":{"start":{"line":63,"column":2},"end":{"line":67,"column":3}},"28":{"start":{"line":64,"column":4},"end":{"line":66,"column":6}},"29":{"start":{"line":65,"column":14},"end":{"line":65,"column":66}},"30":{"start":{"line":69,"column":2},"end":{"line":85,"column":4}},"31":{"start":{"line":88,"column":0},"end":{"line":88,"column":38}}},"fnMap":{"0":{"name":"(anonymous_1)","decl":{"start":{"line":17,"column":31},"end":{"line":17,"column":34}},"loc":{"start":{"line":17,"column":36},"end":{"line":86,"column":1}}},"1":{"name":"(anonymous_2)","decl":{"start":{"line":27,"column":35},"end":{"line":27,"column":36}},"loc":{"start":{"line":27,"column":63},"end":{"line":30,"column":3}}},"2":{"name":"(anonymous_3)","decl":{"start":{"line":33,"column":35},"end":{"line":33,"column":38}},"loc":{"start":{"line":33,"column":40},"end":{"line":41,"column":3}}},"3":{"name":"(anonymous_4)","decl":{"start":{"line":35,"column":39},"end":{"line":35,"column":41}},"loc":{"start":{"line":35,"column":44},"end":{"line":39,"column":5}}},"4":{"name":"(anonymous_5)","decl":{"start":{"line":50,"column":6},"end":{"line":50,"column":7}},"loc":{"start":{"line":50,"column":14},"end":{"line":50,"column":44}}},"5":{"name":"(anonymous_6)","decl":{"start":{"line":55,"column":6},"end":{"line":55,"column":7}},"loc":{"start":{"line":55,"column":14},"end":{"line":55,"column":80}}},"6":{"name":"(anonymous_7)","decl":{"start":{"line":60,"column":6},"end":{"line":60,"column":7}},"loc":{"start":{"line":60,"column":14},"end":{"line":60,"column":68}}},"7":{"name":"(anonymous_8)","decl":{"start":{"line":65,"column":6},"end":{"line":65,"column":7}},"loc":{"start":{"line":65,"column":14},"end":{"line":65,"column":66}}}},"branchMap":{"0":{"loc":{"start":{"line":36,"column":6},"end":{"line":38,"column":7}},"type":"if","locations":[{"start":{"line":36,"column":6},"end":{"line":38,"column":7}}]},"1":{"loc":{"start":{"line":36,"column":10},"end":{"line":36,"column":50}},"type":"binary-expr","locations":[{"start":{"line":36,"column":10},"end":{"line":36,"column":21}},{"start":{"line":36,"column":25},"end":{"line":36,"column":50}}]},"2":{"loc":{"start":{"line":48,"column":2},"end":{"line":52,"column":3}},"type":"if","locations":[{"start":{"line":48,"column":2},"end":{"line":52,"column":3}}]},"3":{"loc":{"start":{"line":53,"column":2},"end":{"line":57,"column":3}},"type":"if","locations":[{"start":{"line":53,"column":2},"end":{"line":57,"column":3}}]},"4":{"loc":{"start":{"line":58,"column":2},"end":{"line":62,"column":3}},"type":"if","locations":[{"start":{"line":58,"column":2},"end":{"line":62,"column":3}}]},"5":{"loc":{"start":{"line":63,"column":2},"end":{"line":67,"column":3}},"type":"if","locations":[{"start":{"line":63,"column":2},"end":{"line":67,"column":3}}]}},"s":{"0":0,"1":0,"2":0,"3":0,"4":0,"5":0,"6":0,"7":0,"8":0,"9":0,"10":0,"11":0,"12":0,"13":0,"14":0,"15":0,"16":0,"17":0,"18":0,"19":0,"20":0,"21":0,"22":0,"23":0,"24":0,"25":0,"26":0,"27":0,"28":0,"29":0,"30":0,"31":0},"f":{"0":0,"1":0,"2":0,"3":0,"4":0,"5":0,"6":0,"7":0},"b":{"0":[0],"1":[0,0],"2":[0],"3":[0],"4":[0],"5":[0]}}
,"/app/src/ui/ChoreManagementView.tsx": {"path":"/app/src/ui/ChoreManagementView.tsx","statementMap":{"0":{"start":{"line":2,"column":0},"end":{"line":2,"column":59}},"1":{"start":{"line":3,"column":0},"end":{"line":3,"column":53}},"2":{"start":{"line":4,"column":0},"end":{"line":4,"column":61}},"3":{"start":{"line":7,"column":28},"end":{"line":33,"column":1}},"4":{"start":{"line":8,"column":29},"end":{"line":8,"column":47}},"5":{"start":{"line":13,"column":26},"end":{"line":13,"column":40}},"6":{"start":{"line":15,"column":2},"end":{"line":32,"column":4}},"7":{"start":{"line":35,"column":0},"end":{"line":35,"column":35}}},"fnMap":{"0":{"name":"(anonymous_1)","decl":{"start":{"line":7,"column":28},"end":{"line":7,"column":31}},"loc":{"start":{"line":7,"column":33},"end":{"line":33,"column":1}}}},"branchMap":{},"s":{"0":0,"1":0,"2":0,"3":0,"4":0,"5":0,"6":0,"7":0},"f":{"0":0},"b":{}}
,"/app/src/ui/DashboardView.tsx": {"path":"/app/src/ui/DashboardView.tsx","statementMap":{"0":{"start":{"line":2,"column":0},"end":{"line":2,"column":73}},"1":{"start":{"line":3,"column":0},"end":{"line":3,"column":63}},"2":{"start":{"line":4,"column":0},"end":{"line":4,"column":75}},"3":{"start":{"line":6,"column":22},"end":{"line":23,"column":1}},"4":{"start":{"line":7,"column":2},"end":{"line":22,"column":4}},"5":{"start":{"line":25,"column":0},"end":{"line":25,"column":29}}},"fnMap":{"0":{"name":"(anonymous_1)","decl":{"start":{"line":6,"column":22},"end":{"line":6,"column":25}},"loc":{"start":{"line":6,"column":27},"end":{"line":23,"column":1}}}},"branchMap":{},"s":{"0":0,"1":0,"2":0,"3":0,"4":0,"5":0},"f":{"0":0},"b":{}}
,"/app/src/ui/FundsManagementView.tsx": {"path":"/app/src/ui/FundsManagementView.tsx","statementMap":{"0":{"start":{"line":2,"column":0},"end":{"line":2,"column":88}},"1":{"start":{"line":3,"column":0},"end":{"line":3,"column":70}},"2":{"start":{"line":4,"column":0},"end":{"line":4,"column":82}},"3":{"start":{"line":6,"column":28},"end":{"line":23,"column":1}},"4":{"start":{"line":7,"column":2},"end":{"line":22,"column":4}},"5":{"start":{"line":25,"column":0},"end":{"line":25,"column":35}}},"fnMap":{"0":{"name":"(anonymous_1)","decl":{"start":{"line":6,"column":28},"end":{"line":6,"column":31}},"loc":{"start":{"line":6,"column":33},"end":{"line":23,"column":1}}}},"branchMap":{},"s":{"0":0,"1":0,"2":0,"3":0,"4":0,"5":0},"f":{"0":0},"b":{}}
,"/app/src/ui/KanbanView.tsx": {"path":"/app/src/ui/KanbanView.tsx","statementMap":{"0":{"start":{"line":2,"column":0},"end":{"line":2,"column":52}},"1":{"start":{"line":3,"column":0},"end":{"line":3,"column":54}},"2":{"start":{"line":5,"column":0},"end":{"line":5,"column":64}},"3":{"start":{"line":7,"column":29},"end":{"line":50,"column":1}},"4":{"start":{"line":8,"column":22},"end":{"line":8,"column":45}},"5":{"start":{"line":9,"column":15},"end":{"line":9,"column":44}},"6":{"start":{"line":10,"column":44},"end":{"line":10,"column":73}},"7":{"start":{"line":12,"column":2},"end":{"line":14,"column":3}},"8":{"start":{"line":13,"column":4},"end":{"line":13,"column":39}},"9":{"start":{"line":16,"column":29},"end":{"line":18,"column":3}},"10":{"start":{"line":17,"column":4},"end":{"line":17,"column":41}},"11":{"start":{"line":20,"column":2},"end":{"line":49,"column":4}},"12":{"start":{"line":32,"column":14},"end":{"line":32,"column":35}},"13":{"start":{"line":52,"column":0},"end":{"line":52,"column":26}}},"fnMap":{"0":{"name":"(anonymous_1)","decl":{"start":{"line":7,"column":29},"end":{"line":7,"column":32}},"loc":{"start":{"line":7,"column":34},"end":{"line":50,"column":1}}},"1":{"name":"(anonymous_2)","decl":{"start":{"line":16,"column":29},"end":{"line":16,"column":30}},"loc":{"start":{"line":16,"column":77},"end":{"line":18,"column":3}}},"2":{"name":"(anonymous_3)","decl":{"start":{"line":31,"column":22},"end":{"line":31,"column":23}},"loc":{"start":{"line":32,"column":14},"end":{"line":32,"column":35}}}},"branchMap":{"0":{"loc":{"start":{"line":9,"column":15},"end":{"line":9,"column":44}},"type":"binary-expr","locations":[{"start":{"line":9,"column":15},"end":{"line":9,"column":38}},{"start":{"line":9,"column":42},"end":{"line":9,"column":44}}]},"1":{"loc":{"start":{"line":12,"column":2},"end":{"line":14,"column":3}},"type":"if","locations":[{"start":{"line":12,"column":2},"end":{"line":14,"column":3}}]},"2":{"loc":{"start":{"line":28,"column":9},"end":{"line":38,"column":null}},"type":"cond-expr","locations":[{"start":{"line":29,"column":10},"end":{"line":35,"column":null}},{"start":{"line":38,"column":10},"end":{"line":38,"column":60}}]},"3":{"loc":{"start":{"line":29,"column":55},"end":{"line":29,"column":74}},"type":"binary-expr","locations":[{"start":{"line":29,"column":55},"end":{"line":29,"column":68}},{"start":{"line":29,"column":72},"end":{"line":29,"column":74}}]},"4":{"loc":{"start":{"line":42,"column":7},"end":{"line":46,"column":null}},"type":"cond-expr","locations":[{"start":{"line":43,"column":8},"end":{"line":43,"column":48}},{"start":{"line":46,"column":8},"end":{"line":46,"column":62}}]}},"s":{"0":0,"1":0,"2":0,"3":0,"4":0,"5":0,"6":0,"7":0,"8":0,"9":0,"10":0,"11":0,"12":0,"13":0},"f":{"0":0,"1":0,"2":0},"b":{"0":[0,0],"1":[0],"2":[0,0],"3":[0,0],"4":[0,0]}}
,"/app/src/ui/KidDetailView.tsx": {"path":"/app/src/ui/KidDetailView.tsx","statementMap":{"0":{"start":{"line":2,"column":0},"end":{"line":2,"column":35}},"1":{"start":{"line":3,"column":0},"end":{"line":3,"column":51}},"2":{"start":{"line":4,"column":0},"end":{"line":4,"column":54}},"3":{"start":{"line":7,"column":22},"end":{"line":45,"column":1}},"4":{"start":{"line":8,"column":20},"end":{"line":8,"column":50}},"5":{"start":{"line":9,"column":22},"end":{"line":9,"column":45}},"6":{"start":{"line":11,"column":2},"end":{"line":13,"column":3}},"7":{"start":{"line":12,"column":4},"end":{"line":12,"column":41}},"8":{"start":{"line":15,"column":14},"end":{"line":15,"column":64}},"9":{"start":{"line":15,"column":49},"end":{"line":15,"column":63}},"10":{"start":{"line":17,"column":2},"end":{"line":24,"column":3}},"11":{"start":{"line":18,"column":4},"end":{"line":23,"column":6}},"12":{"start":{"line":26,"column":2},"end":{"line":44,"column":4}},"13":{"start":{"line":64,"column":0},"end":{"line":64,"column":29}}},"fnMap":{"0":{"name":"(anonymous_0)","decl":{"start":{"line":7,"column":22},"end":{"line":7,"column":25}},"loc":{"start":{"line":7,"column":27},"end":{"line":45,"column":1}}},"1":{"name":"(anonymous_1)","decl":{"start":{"line":15,"column":44},"end":{"line":15,"column":45}},"loc":{"start":{"line":15,"column":49},"end":{"line":15,"column":63}}}},"branchMap":{"0":{"loc":{"start":{"line":11,"column":2},"end":{"line":13,"column":3}},"type":"if","locations":[{"start":{"line":11,"column":2},"end":{"line":13,"column":3}}]},"1":{"loc":{"start":{"line":17,"column":2},"end":{"line":24,"column":3}},"type":"if","locations":[{"start":{"line":17,"column":2},"end":{"line":24,"column":3}}]},"2":{"loc":{"start":{"line":33,"column":34},"end":{"line":33,"column":50}},"type":"binary-expr","locations":[{"start":{"line":33,"column":34},"end":{"line":33,"column":41}},{"start":{"line":33,"column":45},"end":{"line":33,"column":50}}]}},"s":{"0":0,"1":0,"2":0,"3":0,"4":0,"5":0,"6":0,"7":0,"8":0,"9":0,"10":0,"11":0,"12":0,"13":0},"f":{"0":0,"1":0},"b":{"0":[0],"1":[0],"2":[0,0]}}
,"/app/src/ui/SettingsView.tsx": {"path":"/app/src/ui/SettingsView.tsx","statementMap":{"0":{"start":{"line":2,"column":0},"end":{"line":2,"column":68}},"1":{"start":{"line":3,"column":0},"end":{"line":3,"column":78}},"2":{"start":{"line":4,"column":0},"end":{"line":4,"column":68}},"3":{"start":{"line":5,"column":0},"end":{"line":5,"column":74}},"4":{"start":{"line":6,"column":0},"end":{"line":6,"column":66}},"5":{"start":{"line":7,"column":0},"end":{"line":7,"column":62}},"6":{"start":{"line":9,"column":21},"end":{"line":25,"column":1}},"7":{"start":{"line":10,"column":2},"end":{"line":24,"column":4}},"8":{"start":{"line":27,"column":0},"end":{"line":27,"column":28}}},"fnMap":{"0":{"name":"(anonymous_1)","decl":{"start":{"line":9,"column":21},"end":{"line":9,"column":24}},"loc":{"start":{"line":9,"column":26},"end":{"line":25,"column":1}}}},"branchMap":{},"s":{"0":0,"1":0,"2":0,"3":0,"4":0,"5":0,"6":0,"7":0,"8":0},"f":{"0":0},"b":{}}
,"/app/src/ui/activity_monitoring_components/ActivityChart.tsx": {"path":"/app/src/ui/activity_monitoring_components/ActivityChart.tsx","statementMap":{"0":{"start":{"line":9,"column":52},"end":{"line":52,"column":1}},"1":{"start":{"line":10,"column":26},"end":{"line":10,"column":53}},"2":{"start":{"line":11,"column":22},"end":{"line":11,"column":23}},"3":{"start":{"line":12,"column":20},"end":{"line":12,"column":21}},"4":{"start":{"line":13,"column":56},"end":{"line":13,"column":58}},"5":{"start":{"line":15,"column":2},"end":{"line":23,"column":5}},"6":{"start":{"line":16,"column":4},"end":{"line":22,"column":5}},"7":{"start":{"line":17,"column":6},"end":{"line":17,"column":43}},"8":{"start":{"line":18,"column":23},"end":{"line":18,"column":53}},"9":{"start":{"line":19,"column":6},"end":{"line":19,"column":95}},"10":{"start":{"line":21,"column":6},"end":{"line":21,"column":31}},"11":{"start":{"line":25,"column":2},"end":{"line":51,"column":4}},"12":{"start":{"line":40,"column":16},"end":{"line":40,"column":null}},"13":{"start":{"line":54,"column":0},"end":{"line":54,"column":29}}},"fnMap":{"0":{"name":"(anonymous_0)","decl":{"start":{"line":9,"column":52},"end":{"line":9,"column":53}},"loc":{"start":{"line":9,"column":81},"end":{"line":52,"column":1}}},"1":{"name":"(anonymous_1)","decl":{"start":{"line":15,"column":31},"end":{"line":15,"column":33}},"loc":{"start":{"line":15,"column":36},"end":{"line":23,"column":3}}},"2":{"name":"(anonymous_2)","decl":{"start":{"line":39,"column":54},"end":{"line":39,"column":55}},"loc":{"start":{"line":40,"column":16},"end":{"line":40,"column":null}}}},"branchMap":{"0":{"loc":{"start":{"line":16,"column":4},"end":{"line":22,"column":5}},"type":"if","locations":[{"start":{"line":16,"column":4},"end":{"line":22,"column":5}},{"start":{"line":20,"column":11},"end":{"line":22,"column":5}}]},"1":{"loc":{"start":{"line":18,"column":23},"end":{"line":18,"column":53}},"type":"binary-expr","locations":[{"start":{"line":18,"column":23},"end":{"line":18,"column":34}},{"start":{"line":18,"column":38},"end":{"line":18,"column":53}}]},"2":{"loc":{"start":{"line":19,"column":38},"end":{"line":19,"column":71}},"type":"binary-expr","locations":[{"start":{"line":19,"column":38},"end":{"line":19,"column":66}},{"start":{"line":19,"column":70},"end":{"line":19,"column":71}}]},"3":{"loc":{"start":{"line":28,"column":7},"end":{"line":48,"column":null}},"type":"cond-expr","locations":[{"start":{"line":29,"column":8},"end":{"line":29,"column":70}},{"start":{"line":31,"column":8},"end":{"line":47,"column":null}}]},"4":{"loc":{"start":{"line":37,"column":11},"end":{"line":46,"column":null}},"type":"cond-expr","locations":[{"start":{"line":38,"column":12},"end":{"line":43,"column":null}},{"start":{"line":46,"column":12},"end":{"line":46,"column":63}}]}},"s":{"0":0,"1":0,"2":0,"3":0,"4":0,"5":0,"6":0,"7":0,"8":0,"9":0,"10":0,"11":0,"12":0,"13":0},"f":{"0":0,"1":0,"2":0},"b":{"0":[0,0],"1":[0,0],"2":[0,0],"3":[0,0],"4":[0,0]}}
,"/app/src/ui/activity_monitoring_components/ActivityFilters.tsx": {"path":"/app/src/ui/activity_monitoring_components/ActivityFilters.tsx","statementMap":{"0":{"start":{"line":2,"column":0},"end":{"line":2,"column":52}},"1":{"start":{"line":4,"column":0},"end":{"line":4,"column":57}},"2":{"start":{"line":11,"column":56},"end":{"line":85,"column":1}},"3":{"start":{"line":12,"column":40},"end":{"line":12,"column":55}},"4":{"start":{"line":13,"column":36},"end":{"line":13,"column":48}},"5":{"start":{"line":14,"column":32},"end":{"line":14,"column":44}},"6":{"start":{"line":15,"column":50},"end":{"line":15,"column":65}},"7":{"start":{"line":17,"column":22},"end":{"line":17,"column":45}},"8":{"start":{"line":18,"column":15},"end":{"line":18,"column":44}},"9":{"start":{"line":20,"column":37},"end":{"line":27,"column":3}},"10":{"start":{"line":21,"column":4},"end":{"line":26,"column":7}},"11":{"start":{"line":29,"column":2},"end":{"line":84,"column":4}},"12":{"start":{"line":40,"column":29},"end":{"line":40,"column":59}},"13":{"start":{"line":45,"column":14},"end":{"line":45,"column":35}},"14":{"start":{"line":55,"column":96},"end":{"line":55,"column":124}},"15":{"start":{"line":58,"column":90},"end":{"line":58,"column":116}},"16":{"start":{"line":68,"column":29},"end":{"line":68,"column":64}},"17":{"start":{"line":72,"column":14},"end":{"line":72,"column":37}},"18":{"start":{"line":87,"column":0},"end":{"line":87,"column":31}}},"fnMap":{"0":{"name":"(anonymous_0)","decl":{"start":{"line":11,"column":56},"end":{"line":11,"column":57}},"loc":{"start":{"line":11,"column":100},"end":{"line":85,"column":1}}},"1":{"name":"(anonymous_1)","decl":{"start":{"line":20,"column":37},"end":{"line":20,"column":40}},"loc":{"start":{"line":20,"column":42},"end":{"line":27,"column":3}}},"2":{"name":"(anonymous_2)","decl":{"start":{"line":40,"column":22},"end":{"line":40,"column":23}},"loc":{"start":{"line":40,"column":29},"end":{"line":40,"column":59}}},"3":{"name":"(anonymous_3)","decl":{"start":{"line":44,"column":22},"end":{"line":44,"column":25}},"loc":{"start":{"line":45,"column":14},"end":{"line":45,"column":35}}},"4":{"name":"(anonymous_4)","decl":{"start":{"line":55,"column":89},"end":{"line":55,"column":90}},"loc":{"start":{"line":55,"column":96},"end":{"line":55,"column":124}}},"5":{"name":"(anonymous_5)","decl":{"start":{"line":58,"column":83},"end":{"line":58,"column":84}},"loc":{"start":{"line":58,"column":90},"end":{"line":58,"column":116}}},"6":{"name":"(anonymous_6)","decl":{"start":{"line":68,"column":22},"end":{"line":68,"column":23}},"loc":{"start":{"line":68,"column":29},"end":{"line":68,"column":64}}},"7":{"name":"(anonymous_7)","decl":{"start":{"line":71,"column":37},"end":{"line":71,"column":45}},"loc":{"start":{"line":72,"column":14},"end":{"line":72,"column":37}}}},"branchMap":{"0":{"loc":{"start":{"line":18,"column":15},"end":{"line":18,"column":44}},"type":"binary-expr","locations":[{"start":{"line":18,"column":15},"end":{"line":18,"column":38}},{"start":{"line":18,"column":42},"end":{"line":18,"column":44}}]}},"s":{"0":0,"1":0,"2":0,"3":0,"4":0,"5":0,"6":0,"7":0,"8":0,"9":0,"10":0,"11":0,"12":0,"13":0,"14":0,"15":0,"16":0,"17":0,"18":0},"f":{"0":0,"1":0,"2":0,"3":0,"4":0,"5":0,"6":0,"7":0},"b":{"0":[0,0]}}
,"/app/src/ui/activity_monitoring_components/DetailedTransactionList.tsx": {"path":"/app/src/ui/activity_monitoring_components/DetailedTransactionList.tsx","statementMap":{"0":{"start":{"line":2,"column":0},"end":{"line":2,"column":42}},"1":{"start":{"line":4,"column":0},"end":{"line":4,"column":57}},"2":{"start":{"line":10,"column":72},"end":{"line":55,"column":1}},"3":{"start":{"line":11,"column":22},"end":{"line":11,"column":45}},"4":{"start":{"line":12,"column":15},"end":{"line":12,"column":44}},"5":{"start":{"line":14,"column":29},"end":{"line":18,"column":3}},"6":{"start":{"line":15,"column":4},"end":{"line":15,"column":33}},"7":{"start":{"line":15,"column":16},"end":{"line":15,"column":33}},"8":{"start":{"line":16,"column":16},"end":{"line":16,"column":46}},"9":{"start":{"line":16,"column":31},"end":{"line":16,"column":45}},"10":{"start":{"line":17,"column":4},"end":{"line":17,"column":43}},"11":{"start":{"line":20,"column":2},"end":{"line":54,"column":4}},"12":{"start":{"line":40,"column":14},"end":{"line":40,"column":null}},"13":{"start":{"line":57,"column":0},"end":{"line":57,"column":39}}},"fnMap":{"0":{"name":"(anonymous_0)","decl":{"start":{"line":10,"column":72},"end":{"line":10,"column":73}},"loc":{"start":{"line":10,"column":102},"end":{"line":55,"column":1}}},"1":{"name":"(anonymous_1)","decl":{"start":{"line":14,"column":29},"end":{"line":14,"column":30}},"loc":{"start":{"line":14,"column":67},"end":{"line":18,"column":3}}},"2":{"name":"(anonymous_2)","decl":{"start":{"line":16,"column":26},"end":{"line":16,"column":27}},"loc":{"start":{"line":16,"column":31},"end":{"line":16,"column":45}}},"3":{"name":"(anonymous_3)","decl":{"start":{"line":39,"column":39},"end":{"line":39,"column":40}},"loc":{"start":{"line":40,"column":14},"end":{"line":40,"column":null}}}},"branchMap":{"0":{"loc":{"start":{"line":12,"column":15},"end":{"line":12,"column":44}},"type":"binary-expr","locations":[{"start":{"line":12,"column":15},"end":{"line":12,"column":38}},{"start":{"line":12,"column":42},"end":{"line":12,"column":44}}]},"1":{"loc":{"start":{"line":15,"column":4},"end":{"line":15,"column":33}},"type":"if","locations":[{"start":{"line":15,"column":4},"end":{"line":15,"column":33}}]},"2":{"loc":{"start":{"line":17,"column":11},"end":{"line":17,"column":42}},"type":"cond-expr","locations":[{"start":{"line":17,"column":17},"end":{"line":17,"column":25}},{"start":{"line":17,"column":28},"end":{"line":17,"column":42}}]},"3":{"loc":{"start":{"line":24,"column":7},"end":{"line":24,"column":94}},"type":"binary-expr","locations":[{"start":{"line":24,"column":7},"end":{"line":24,"column":27}},{"start":{"line":24,"column":31},"end":{"line":24,"column":63}},{"start":{"line":24,"column":67},"end":{"line":24,"column":94}}]},"4":{"loc":{"start":{"line":25,"column":7},"end":{"line":51,"column":null}},"type":"cond-expr","locations":[{"start":{"line":26,"column":8},"end":{"line":26,"column":63}},{"start":{"line":28,"column":8},"end":{"line":50,"column":null}}]},"5":{"loc":{"start":{"line":45,"column":36},"end":{"line":45,"column":67}},"type":"cond-expr","locations":[{"start":{"line":45,"column":52},"end":{"line":45,"column":57}},{"start":{"line":45,"column":60},"end":{"line":45,"column":67}}]},"6":{"loc":{"start":{"line":46,"column":19},"end":{"line":46,"column":102}},"type":"cond-expr","locations":[{"start":{"line":46,"column":35},"end":{"line":46,"column":72}},{"start":{"line":46,"column":75},"end":{"line":46,"column":102}}]}},"s":{"0":0,"1":0,"2":0,"3":0,"4":0,"5":0,"6":0,"7":0,"8":0,"9":0,"10":0,"11":0,"12":0,"13":0},"f":{"0":0,"1":0,"2":0,"3":0},"b":{"0":[0,0],"1":[0],"2":[0,0],"3":[0,0,0],"4":[0,0],"5":[0,0],"6":[0,0]}}
,"/app/src/ui/chore_components/AddChoreForm.tsx": {"path":"/app/src/ui/chore_components/AddChoreForm.tsx","statementMap":{"0":{"start":{"line":2,"column":0},"end":{"line":2,"column":52}},"1":{"start":{"line":3,"column":0},"end":{"line":3,"column":64}},"2":{"start":{"line":4,"column":0},"end":{"line":4,"column":57}},"3":{"start":{"line":7,"column":21},"end":{"line":198,"column":1}},"4":{"start":{"line":8,"column":28},"end":{"line":8,"column":40}},"5":{"start":{"line":9,"column":40},"end":{"line":9,"column":52}},"6":{"start":{"line":10,"column":44},"end":{"line":10,"column":83}},"7":{"start":{"line":11,"column":32},"end":{"line":11,"column":44}},"8":{"start":{"line":12,"column":42},"end":{"line":12,"column":71}},"9":{"start":{"line":15,"column":46},"end":{"line":15,"column":103}},"10":{"start":{"line":16,"column":44},"end":{"line":16,"column":64}},"11":{"start":{"line":17,"column":52},"end":{"line":17,"column":64}},"12":{"start":{"line":18,"column":36},"end":{"line":18,"column":48}},"13":{"start":{"line":19,"column":34},"end":{"line":19,"column":57}},"14":{"start":{"line":21,"column":33},"end":{"line":21,"column":51}},"15":{"start":{"line":22,"column":22},"end":{"line":22,"column":45}},"16":{"start":{"line":23,"column":15},"end":{"line":23,"column":44}},"17":{"start":{"line":25,"column":23},"end":{"line":60,"column":3}},"18":{"start":{"line":26,"column":4},"end":{"line":26,"column":27}},"19":{"start":{"line":27,"column":4},"end":{"line":30,"column":5}},"20":{"start":{"line":28,"column":6},"end":{"line":28,"column":43}},"21":{"start":{"line":29,"column":6},"end":{"line":29,"column":13}},"22":{"start":{"line":32,"column":22},"end":{"line":44,"column":6}},"23":{"start":{"line":42,"column":44},"end":{"line":42,"column":54}},"24":{"start":{"line":42,"column":70},"end":{"line":42,"column":80}},"25":{"start":{"line":42,"column":127},"end":{"line":42,"column":137}},"26":{"start":{"line":42,"column":153},"end":{"line":42,"column":163}},"27":{"start":{"line":43,"column":36},"end":{"line":43,"column":67}},"28":{"start":{"line":43,"column":83},"end":{"line":43,"column":98}},"29":{"start":{"line":43,"column":133},"end":{"line":43,"column":164}},"30":{"start":{"line":43,"column":180},"end":{"line":43,"column":195}},"31":{"start":{"line":46,"column":4},"end":{"line":46,"column":34}},"32":{"start":{"line":49,"column":4},"end":{"line":49,"column":17}},"33":{"start":{"line":50,"column":4},"end":{"line":50,"column":23}},"34":{"start":{"line":51,"column":4},"end":{"line":51,"column":32}},"35":{"start":{"line":52,"column":4},"end":{"line":52,"column":19}},"36":{"start":{"line":53,"column":4},"end":{"line":53,"column":24}},"37":{"start":{"line":54,"column":4},"end":{"line":54,"column":30}},"38":{"start":{"line":55,"column":4},"end":{"line":55,"column":25}},"39":{"start":{"line":56,"column":4},"end":{"line":56,"column":29}},"40":{"start":{"line":57,"column":4},"end":{"line":57,"column":21}},"41":{"start":{"line":58,"column":4},"end":{"line":58,"column":20}},"42":{"start":{"line":59,"column":4},"end":{"line":59,"column":26}},"43":{"start":{"line":62,"column":37},"end":{"line":66,"column":3}},"44":{"start":{"line":63,"column":17},"end":{"line":63,"column":74}},"45":{"start":{"line":64,"column":4},"end":{"line":64,"column":28}},"46":{"start":{"line":65,"column":4},"end":{"line":65,"column":25}},"47":{"start":{"line":69,"column":27},"end":{"line":71,"column":3}},"48":{"start":{"line":70,"column":4},"end":{"line":70,"column":93}},"49":{"start":{"line":70,"column":24},"end":{"line":70,"column":91}},"50":{"start":{"line":73,"column":35},"end":{"line":75,"column":3}},"51":{"start":{"line":74,"column":4},"end":{"line":74,"column":88}},"52":{"start":{"line":74,"column":24},"end":{"line":74,"column":86}},"53":{"start":{"line":74,"column":39},"end":{"line":74,"column":85}},"54":{"start":{"line":77,"column":30},"end":{"line":79,"column":3}},"55":{"start":{"line":78,"column":4},"end":{"line":78,"column":57}},"56":{"start":{"line":78,"column":24},"end":{"line":78,"column":55}},"57":{"start":{"line":78,"column":42},"end":{"line":78,"column":54}},"58":{"start":{"line":81,"column":2},"end":{"line":197,"column":4}},"59":{"start":{"line":86,"column":74},"end":{"line":86,"column":98}},"60":{"start":{"line":90,"column":77},"end":{"line":90,"column":107}},"61":{"start":{"line":94,"column":78},"end":{"line":94,"column":123}},"62":{"start":{"line":96,"column":35},"end":{"line":96,"column":56}},"63":{"start":{"line":101,"column":73},"end":{"line":101,"column":99}},"64":{"start":{"line":105,"column":85},"end":{"line":105,"column":116}},"65":{"start":{"line":115,"column":27},"end":{"line":115,"column":55}},"66":{"start":{"line":134,"column":82},"end":{"line":134,"column":114}},"67":{"start":{"line":154,"column":29},"end":{"line":154,"column":61}},"68":{"start":{"line":169,"column":29},"end":{"line":169,"column":65}},"69":{"start":{"line":179,"column":10},"end":{"line":179,"column":32}},"70":{"start":{"line":184,"column":31},"end":{"line":184,"column":83}},"71":{"start":{"line":187,"column":49},"end":{"line":187,"column":80}},"72":{"start":{"line":200,"column":0},"end":{"line":200,"column":28}}},"fnMap":{"0":{"name":"(anonymous_0)","decl":{"start":{"line":7,"column":21},"end":{"line":7,"column":24}},"loc":{"start":{"line":7,"column":26},"end":{"line":198,"column":1}}},"1":{"name":"(anonymous_1)","decl":{"start":{"line":25,"column":23},"end":{"line":25,"column":24}},"loc":{"start":{"line":25,"column":67},"end":{"line":60,"column":3}}},"2":{"name":"(anonymous_2)","decl":{"start":{"line":42,"column":37},"end":{"line":42,"column":40}},"loc":{"start":{"line":42,"column":44},"end":{"line":42,"column":54}}},"3":{"name":"(anonymous_3)","decl":{"start":{"line":42,"column":63},"end":{"line":42,"column":66}},"loc":{"start":{"line":42,"column":70},"end":{"line":42,"column":80}}},"4":{"name":"(anonymous_4)","decl":{"start":{"line":42,"column":120},"end":{"line":42,"column":123}},"loc":{"start":{"line":42,"column":127},"end":{"line":42,"column":137}}},"5":{"name":"(anonymous_5)","decl":{"start":{"line":42,"column":146},"end":{"line":42,"column":149}},"loc":{"start":{"line":42,"column":153},"end":{"line":42,"column":163}}},"6":{"name":"(anonymous_6)","decl":{"start":{"line":43,"column":29},"end":{"line":43,"column":31}},"loc":{"start":{"line":43,"column":36},"end":{"line":43,"column":67}}},"7":{"name":"(anonymous_7)","decl":{"start":{"line":43,"column":77},"end":{"line":43,"column":79}},"loc":{"start":{"line":43,"column":83},"end":{"line":43,"column":98}}},"8":{"name":"(anonymous_8)","decl":{"start":{"line":43,"column":126},"end":{"line":43,"column":128}},"loc":{"start":{"line":43,"column":133},"end":{"line":43,"column":164}}},"9":{"name":"(anonymous_9)","decl":{"start":{"line":43,"column":174},"end":{"line":43,"column":176}},"loc":{"start":{"line":43,"column":180},"end":{"line":43,"column":195}}},"10":{"name":"(anonymous_10)","decl":{"start":{"line":62,"column":37},"end":{"line":62,"column":38}},"loc":{"start":{"line":62,"column":81},"end":{"line":66,"column":3}}},"11":{"name":"(anonymous_11)","decl":{"start":{"line":69,"column":27},"end":{"line":69,"column":30}},"loc":{"start":{"line":69,"column":32},"end":{"line":71,"column":3}}},"12":{"name":"(anonymous_12)","decl":{"start":{"line":70,"column":16},"end":{"line":70,"column":20}},"loc":{"start":{"line":70,"column":24},"end":{"line":70,"column":91}}},"13":{"name":"(anonymous_13)","decl":{"start":{"line":73,"column":35},"end":{"line":73,"column":36}},"loc":{"start":{"line":73,"column":68},"end":{"line":75,"column":3}}},"14":{"name":"(anonymous_14)","decl":{"start":{"line":74,"column":16},"end":{"line":74,"column":20}},"loc":{"start":{"line":74,"column":24},"end":{"line":74,"column":86}}},"15":{"name":"(anonymous_15)","decl":{"start":{"line":74,"column":33},"end":{"line":74,"column":35}},"loc":{"start":{"line":74,"column":39},"end":{"line":74,"column":85}}},"16":{"name":"(anonymous_16)","decl":{"start":{"line":77,"column":30},"end":{"line":77,"column":31}},"loc":{"start":{"line":77,"column":45},"end":{"line":79,"column":3}}},"17":{"name":"(anonymous_17)","decl":{"start":{"line":78,"column":16},"end":{"line":78,"column":20}},"loc":{"start":{"line":78,"column":24},"end":{"line":78,"column":55}}},"18":{"name":"(anonymous_18)","decl":{"start":{"line":78,"column":36},"end":{"line":78,"column":38}},"loc":{"start":{"line":78,"column":42},"end":{"line":78,"column":54}}},"19":{"name":"(anonymous_19)","decl":{"start":{"line":86,"column":67},"end":{"line":86,"column":68}},"loc":{"start":{"line":86,"column":74},"end":{"line":86,"column":98}}},"20":{"name":"(anonymous_20)","decl":{"start":{"line":90,"column":70},"end":{"line":90,"column":71}},"loc":{"start":{"line":90,"column":77},"end":{"line":90,"column":107}}},"21":{"name":"(anonymous_21)","decl":{"start":{"line":94,"column":71},"end":{"line":94,"column":72}},"loc":{"start":{"line":94,"column":78},"end":{"line":94,"column":123}}},"22":{"name":"(anonymous_22)","decl":{"start":{"line":96,"column":20},"end":{"line":96,"column":21}},"loc":{"start":{"line":96,"column":35},"end":{"line":96,"column":56}}},"23":{"name":"(anonymous_23)","decl":{"start":{"line":101,"column":66},"end":{"line":101,"column":67}},"loc":{"start":{"line":101,"column":73},"end":{"line":101,"column":99}}},"24":{"name":"(anonymous_24)","decl":{"start":{"line":105,"column":78},"end":{"line":105,"column":79}},"loc":{"start":{"line":105,"column":85},"end":{"line":105,"column":116}}},"25":{"name":"(anonymous_25)","decl":{"start":{"line":115,"column":20},"end":{"line":115,"column":21}},"loc":{"start":{"line":115,"column":27},"end":{"line":115,"column":55}}},"26":{"name":"(anonymous_26)","decl":{"start":{"line":134,"column":75},"end":{"line":134,"column":76}},"loc":{"start":{"line":134,"column":82},"end":{"line":134,"column":114}}},"27":{"name":"(anonymous_27)","decl":{"start":{"line":154,"column":22},"end":{"line":154,"column":23}},"loc":{"start":{"line":154,"column":29},"end":{"line":154,"column":61}}},"28":{"name":"(anonymous_28)","decl":{"start":{"line":169,"column":22},"end":{"line":169,"column":23}},"loc":{"start":{"line":169,"column":29},"end":{"line":169,"column":65}}},"29":{"name":"(anonymous_29)","decl":{"start":{"line":178,"column":22},"end":{"line":178,"column":23}},"loc":{"start":{"line":179,"column":10},"end":{"line":179,"column":32}}},"30":{"name":"(anonymous_30)","decl":{"start":{"line":184,"column":24},"end":{"line":184,"column":25}},"loc":{"start":{"line":184,"column":31},"end":{"line":184,"column":83}}},"31":{"name":"(anonymous_31)","decl":{"start":{"line":187,"column":43},"end":{"line":187,"column":46}},"loc":{"start":{"line":187,"column":49},"end":{"line":187,"column":80}}}},"branchMap":{"0":{"loc":{"start":{"line":23,"column":15},"end":{"line":23,"column":44}},"type":"binary-expr","locations":[{"start":{"line":23,"column":15},"end":{"line":23,"column":38}},{"start":{"line":23,"column":42},"end":{"line":23,"column":44}}]},"1":{"loc":{"start":{"line":27,"column":4},"end":{"line":30,"column":5}},"type":"if","locations":[{"start":{"line":27,"column":4},"end":{"line":30,"column":5}}]},"2":{"loc":{"start":{"line":34,"column":19},"end":{"line":34,"column":50}},"type":"binary-expr","locations":[{"start":{"line":34,"column":19},"end":{"line":34,"column":37}},{"start":{"line":34,"column":41},"end":{"line":34,"column":50}}]},"3":{"loc":{"start":{"line":35,"column":21},"end":{"line":35,"column":47}},"type":"binary-expr","locations":[{"start":{"line":35,"column":21},"end":{"line":35,"column":34}},{"start":{"line":35,"column":38},"end":{"line":35,"column":47}}]},"4":{"loc":{"start":{"line":36,"column":15},"end":{"line":36,"column":35}},"type":"binary-expr","locations":[{"start":{"line":36,"column":15},"end":{"line":36,"column":22}},{"start":{"line":36,"column":26},"end":{"line":36,"column":35}}]},"5":{"loc":{"start":{"line":37,"column":20},"end":{"line":37,"column":79}},"type":"cond-expr","locations":[{"start":{"line":37,"column":35},"end":{"line":37,"column":67}},{"start":{"line":37,"column":70},"end":{"line":37,"column":79}}]},"6":{"loc":{"start":{"line":39,"column":22},"end":{"line":39,"column":71}},"type":"cond-expr","locations":[{"start":{"line":39,"column":50},"end":{"line":39,"column":54}},{"start":{"line":39,"column":57},"end":{"line":39,"column":71}}]},"7":{"loc":{"start":{"line":40,"column":21},"end":{"line":40,"column":136}},"type":"cond-expr","locations":[{"start":{"line":40,"column":102},"end":{"line":40,"column":129}},{"start":{"line":40,"column":132},"end":{"line":40,"column":136}}]},"8":{"loc":{"start":{"line":40,"column":21},"end":{"line":40,"column":99}},"type":"binary-expr","locations":[{"start":{"line":40,"column":22},"end":{"line":40,"column":49}},{"start":{"line":40,"column":53},"end":{"line":40,"column":81}},{"start":{"line":40,"column":86},"end":{"line":40,"column":99}}]},"9":{"loc":{"start":{"line":41,"column":25},"end":{"line":41,"column":98}},"type":"cond-expr","locations":[{"start":{"line":41,"column":74},"end":{"line":41,"column":91}},{"start":{"line":41,"column":94},"end":{"line":41,"column":98}}]},"10":{"loc":{"start":{"line":41,"column":25},"end":{"line":41,"column":71}},"type":"binary-expr","locations":[{"start":{"line":41,"column":25},"end":{"line":41,"column":50}},{"start":{"line":41,"column":54},"end":{"line":41,"column":71}}]},"11":{"loc":{"start":{"line":42,"column":12},"end":{"line":42,"column":176}},"type":"cond-expr","locations":[{"start":{"line":42,"column":95},"end":{"line":42,"column":164}},{"start":{"line":42,"column":167},"end":{"line":42,"column":176}}]},"12":{"loc":{"start":{"line":43,"column":16},"end":{"line":43,"column":208}},"type":"cond-expr","locations":[{"start":{"line":43,"column":113},"end":{"line":43,"column":196}},{"start":{"line":43,"column":199},"end":{"line":43,"column":208}}]},"13":{"loc":{"start":{"line":74,"column":39},"end":{"line":74,"column":85}},"type":"cond-expr","locations":[{"start":{"line":74,"column":54},"end":{"line":74,"column":80}},{"start":{"line":74,"column":83},"end":{"line":74,"column":85}}]},"14":{"loc":{"start":{"line":94,"column":40},"end":{"line":94,"column":59}},"type":"binary-expr","locations":[{"start":{"line":94,"column":40},"end":{"line":94,"column":53}},{"start":{"line":94,"column":57},"end":{"line":94,"column":59}}]},"15":{"loc":{"start":{"line":94,"column":95},"end":{"line":94,"column":122}},"type":"binary-expr","locations":[{"start":{"line":94,"column":95},"end":{"line":94,"column":109}},{"start":{"line":94,"column":113},"end":{"line":94,"column":122}}]},"16":{"loc":{"start":{"line":94,"column":135},"end":{"line":94,"column":176}},"type":"binary-expr","locations":[{"start":{"line":94,"column":135},"end":{"line":94,"column":155}},{"start":{"line":94,"column":159},"end":{"line":94,"column":176}}]},"17":{"loc":{"start":{"line":131,"column":7},"end":{"line":144,"column":null}},"type":"binary-expr","locations":[{"start":{"line":131,"column":7},"end":{"line":131,"column":34}},{"start":{"line":132,"column":8},"end":{"line":143,"column":null}}]},"18":{"loc":{"start":{"line":147,"column":7},"end":{"line":159,"column":null}},"type":"binary-expr","locations":[{"start":{"line":147,"column":7},"end":{"line":147,"column":35}},{"start":{"line":148,"column":8},"end":{"line":158,"column":null}}]},"19":{"loc":{"start":{"line":162,"column":7},"end":{"line":172,"column":null}},"type":"binary-expr","locations":[{"start":{"line":162,"column":8},"end":{"line":162,"column":33}},{"start":{"line":163,"column":8},"end":{"line":171,"column":null}}]},"20":{"loc":{"start":{"line":170,"column":17},"end":{"line":170,"column":66}},"type":"binary-expr","locations":[{"start":{"line":170,"column":17},"end":{"line":170,"column":24}},{"start":{"line":170,"column":28},"end":{"line":170,"column":66}}]}},"s":{"0":0,"1":0,"2":0,"3":0,"4":0,"5":0,"6":0,"7":0,"8":0,"9":0,"10":0,"11":0,"12":0,"13":0,"14":0,"15":0,"16":0,"17":0,"18":0,"19":0,"20":0,"21":0,"22":0,"23":0,"24":0,"25":0,"26":0,"27":0,"28":0,"29":0,"30":0,"31":0,"32":0,"33":0,"34":0,"35":0,"36":0,"37":0,"38":0,"39":0,"40":0,"41":0,"42":0,"43":0,"44":0,"45":0,"46":0,"47":0,"48":0,"49":0,"50":0,"51":0,"52":0,"53":0,"54":0,"55":0,"56":0,"57":0,"58":0,"59":0,"60":0,"61":0,"62":0,"63":0,"64":0,"65":0,"66":0,"67":0,"68":0,"69":0,"70":0,"71":0,"72":0},"f":{"0":0,"1":0,"2":0,"3":0,"4":0,"5":0,"6":0,"7":0,"8":0,"9":0,"10":0,"11":0,"12":0,"13":0,"14":0,"15":0,"16":0,"17":0,"18":0,"19":0,"20":0,"21":0,"22":0,"23":0,"24":0,"25":0,"26":0,"27":0,"28":0,"29":0,"30":0,"31":0},"b":{"0":[0,0],"1":[0],"2":[0,0],"3":[0,0],"4":[0,0],"5":[0,0],"6":[0,0],"7":[0,0],"8":[0,0,0],"9":[0,0],"10":[0,0],"11":[0,0],"12":[0,0],"13":[0,0],"14":[0,0],"15":[0,0],"16":[0,0],"17":[0,0],"18":[0,0],"19":[0,0],"20":[0,0]}}
,"/app/src/ui/chore_components/ChoreList.tsx": {"path":"/app/src/ui/chore_components/ChoreList.tsx","statementMap":{"0":{"start":{"line":2,"column":0},"end":{"line":2,"column":42}},"1":{"start":{"line":3,"column":0},"end":{"line":3,"column":64}},"2":{"start":{"line":4,"column":0},"end":{"line":4,"column":57}},"3":{"start":{"line":11,"column":44},"end":{"line":81,"column":1}},"4":{"start":{"line":12,"column":42},"end":{"line":12,"column":60}},"5":{"start":{"line":13,"column":22},"end":{"line":13,"column":45}},"6":{"start":{"line":14,"column":15},"end":{"line":14,"column":44}},"7":{"start":{"line":16,"column":21},"end":{"line":20,"column":3}},"8":{"start":{"line":17,"column":4},"end":{"line":17,"column":36}},"9":{"start":{"line":17,"column":16},"end":{"line":17,"column":36}},"10":{"start":{"line":18,"column":16},"end":{"line":18,"column":53}},"11":{"start":{"line":18,"column":38},"end":{"line":18,"column":52}},"12":{"start":{"line":19,"column":4},"end":{"line":19,"column":42}},"13":{"start":{"line":22,"column":31},"end":{"line":41,"column":3}},"14":{"start":{"line":24,"column":33},"end":{"line":24,"column":51}},"15":{"start":{"line":25,"column":23},"end":{"line":25,"column":87}},"16":{"start":{"line":25,"column":52},"end":{"line":25,"column":86}},"17":{"start":{"line":27,"column":4},"end":{"line":29,"column":5}},"18":{"start":{"line":28,"column":6},"end":{"line":28,"column":18}},"19":{"start":{"line":30,"column":15},"end":{"line":30,"column":53}},"20":{"start":{"line":31,"column":4},"end":{"line":36,"column":5}},"21":{"start":{"line":32,"column":19},"end":{"line":32,"column":97}},"22":{"start":{"line":33,"column":6},"end":{"line":33,"column":54}},"23":{"start":{"line":34,"column":11},"end":{"line":36,"column":5}},"24":{"start":{"line":35,"column":6},"end":{"line":35,"column":52}},"25":{"start":{"line":37,"column":4},"end":{"line":39,"column":5}},"26":{"start":{"line":38,"column":6},"end":{"line":38,"column":55}},"27":{"start":{"line":40,"column":4},"end":{"line":40,"column":16}},"28":{"start":{"line":43,"column":2},"end":{"line":45,"column":3}},"29":{"start":{"line":44,"column":4},"end":{"line":44,"column":53}},"30":{"start":{"line":47,"column":2},"end":{"line":49,"column":3}},"31":{"start":{"line":48,"column":4},"end":{"line":48,"column":57}},"32":{"start":{"line":52,"column":31},"end":{"line":52,"column":49}},"33":{"start":{"line":54,"column":2},"end":{"line":80,"column":4}},"34":{"start":{"line":57,"column":27},"end":{"line":57,"column":94}},"35":{"start":{"line":57,"column":56},"end":{"line":57,"column":93}},"36":{"start":{"line":58,"column":8},"end":{"line":58,"column":115}},"37":{"start":{"line":58,"column":25},"end":{"line":58,"column":115}},"38":{"start":{"line":60,"column":31},"end":{"line":60,"column":61}},"39":{"start":{"line":61,"column":8},"end":{"line":77,"column":10}},"40":{"start":{"line":73,"column":35},"end":{"line":73,"column":75}},"41":{"start":{"line":83,"column":0},"end":{"line":83,"column":25}}},"fnMap":{"0":{"name":"(anonymous_0)","decl":{"start":{"line":11,"column":44},"end":{"line":11,"column":45}},"loc":{"start":{"line":11,"column":68},"end":{"line":81,"column":1}}},"1":{"name":"(anonymous_1)","decl":{"start":{"line":16,"column":21},"end":{"line":16,"column":22}},"loc":{"start":{"line":16,"column":59},"end":{"line":20,"column":3}}},"2":{"name":"(anonymous_2)","decl":{"start":{"line":18,"column":26},"end":{"line":18,"column":27}},"loc":{"start":{"line":18,"column":38},"end":{"line":18,"column":52}}},"3":{"name":"(anonymous_3)","decl":{"start":{"line":22,"column":31},"end":{"line":22,"column":32}},"loc":{"start":{"line":22,"column":71},"end":{"line":41,"column":3}}},"4":{"name":"(anonymous_4)","decl":{"start":{"line":25,"column":45},"end":{"line":25,"column":48}},"loc":{"start":{"line":25,"column":52},"end":{"line":25,"column":86}}},"5":{"name":"(anonymous_5)","decl":{"start":{"line":56,"column":27},"end":{"line":56,"column":28}},"loc":{"start":{"line":56,"column":40},"end":{"line":78,"column":7}}},"6":{"name":"(anonymous_6)","decl":{"start":{"line":57,"column":49},"end":{"line":57,"column":52}},"loc":{"start":{"line":57,"column":56},"end":{"line":57,"column":93}}},"7":{"name":"(anonymous_7)","decl":{"start":{"line":73,"column":29},"end":{"line":73,"column":32}},"loc":{"start":{"line":73,"column":35},"end":{"line":73,"column":75}}}},"branchMap":{"0":{"loc":{"start":{"line":14,"column":15},"end":{"line":14,"column":44}},"type":"binary-expr","locations":[{"start":{"line":14,"column":15},"end":{"line":14,"column":38}},{"start":{"line":14,"column":42},"end":{"line":14,"column":44}}]},"1":{"loc":{"start":{"line":17,"column":4},"end":{"line":17,"column":36}},"type":"if","locations":[{"start":{"line":17,"column":4},"end":{"line":17,"column":36}}]},"2":{"loc":{"start":{"line":19,"column":11},"end":{"line":19,"column":41}},"type":"cond-expr","locations":[{"start":{"line":19,"column":17},"end":{"line":19,"column":25}},{"start":{"line":19,"column":28},"end":{"line":19,"column":41}}]},"3":{"loc":{"start":{"line":27,"column":4},"end":{"line":29,"column":5}},"type":"if","locations":[{"start":{"line":27,"column":4},"end":{"line":29,"column":5}}]},"4":{"loc":{"start":{"line":27,"column":8},"end":{"line":27,"column":49}},"type":"binary-expr","locations":[{"start":{"line":27,"column":8},"end":{"line":27,"column":19}},{"start":{"line":27,"column":23},"end":{"line":27,"column":49}}]},"5":{"loc":{"start":{"line":31,"column":4},"end":{"line":36,"column":5}},"type":"if","locations":[{"start":{"line":31,"column":4},"end":{"line":36,"column":5}},{"start":{"line":34,"column":11},"end":{"line":36,"column":5}}]},"6":{"loc":{"start":{"line":31,"column":8},"end":{"line":31,"column":125}},"type":"binary-expr","locations":[{"start":{"line":31,"column":8},"end":{"line":31,"column":46}},{"start":{"line":31,"column":50},"end":{"line":31,"column":83}},{"start":{"line":31,"column":87},"end":{"line":31,"column":125}}]},"7":{"loc":{"start":{"line":34,"column":11},"end":{"line":36,"column":5}},"type":"if","locations":[{"start":{"line":34,"column":11},"end":{"line":36,"column":5}}]},"8":{"loc":{"start":{"line":34,"column":15},"end":{"line":34,"column":82}},"type":"binary-expr","locations":[{"start":{"line":34,"column":15},"end":{"line":34,"column":54}},{"start":{"line":34,"column":58},"end":{"line":34,"column":82}}]},"9":{"loc":{"start":{"line":37,"column":4},"end":{"line":39,"column":5}},"type":"if","locations":[{"start":{"line":37,"column":4},"end":{"line":39,"column":5}}]},"10":{"loc":{"start":{"line":43,"column":2},"end":{"line":45,"column":3}},"type":"if","locations":[{"start":{"line":43,"column":2},"end":{"line":45,"column":3}}]},"11":{"loc":{"start":{"line":47,"column":2},"end":{"line":49,"column":3}},"type":"if","locations":[{"start":{"line":47,"column":2},"end":{"line":49,"column":3}}]},"12":{"loc":{"start":{"line":58,"column":8},"end":{"line":58,"column":115}},"type":"if","locations":[{"start":{"line":58,"column":8},"end":{"line":58,"column":115}}]},"13":{"loc":{"start":{"line":62,"column":58},"end":{"line":62,"column":95}},"type":"cond-expr","locations":[{"start":{"line":62,"column":80},"end":{"line":62,"column":90}},{"start":{"line":62,"column":93},"end":{"line":62,"column":95}}]},"14":{"loc":{"start":{"line":64,"column":13},"end":{"line":64,"column":113}},"type":"binary-expr","locations":[{"start":{"line":64,"column":13},"end":{"line":64,"column":35}},{"start":{"line":64,"column":39},"end":{"line":64,"column":113}}]},"15":{"loc":{"start":{"line":67,"column":13},"end":{"line":67,"column":92}},"type":"binary-expr","locations":[{"start":{"line":67,"column":13},"end":{"line":67,"column":36}},{"start":{"line":67,"column":40},"end":{"line":67,"column":92}}]},"16":{"loc":{"start":{"line":70,"column":13},"end":{"line":70,"column":124}},"type":"binary-expr","locations":[{"start":{"line":70,"column":13},"end":{"line":70,"column":27}},{"start":{"line":70,"column":31},"end":{"line":70,"column":124}}]},"17":{"loc":{"start":{"line":72,"column":24},"end":{"line":72,"column":71}},"type":"cond-expr","locations":[{"start":{"line":72,"column":46},"end":{"line":72,"column":56}},{"start":{"line":72,"column":59},"end":{"line":72,"column":71}}]},"18":{"loc":{"start":{"line":74,"column":15},"end":{"line":74,"column":78}},"type":"cond-expr","locations":[{"start":{"line":74,"column":37},"end":{"line":74,"column":57}},{"start":{"line":74,"column":60},"end":{"line":74,"column":78}}]}},"s":{"0":0,"1":0,"2":0,"3":0,"4":0,"5":0,"6":0,"7":0,"8":0,"9":0,"10":0,"11":0,"12":0,"13":0,"14":0,"15":0,"16":0,"17":0,"18":0,"19":0,"20":0,"21":0,"22":0,"23":0,"24":0,"25":0,"26":0,"27":0,"28":0,"29":0,"30":0,"31":0,"32":0,"33":0,"34":0,"35":0,"36":0,"37":0,"38":0,"39":0,"40":0,"41":0},"f":{"0":0,"1":0,"2":0,"3":0,"4":0,"5":0,"6":0,"7":0},"b":{"0":[0,0],"1":[0],"2":[0,0],"3":[0],"4":[0,0],"5":[0,0],"6":[0,0,0],"7":[0],"8":[0,0],"9":[0],"10":[0],"11":[0],"12":[0],"13":[0,0],"14":[0,0],"15":[0,0],"16":[0,0],"17":[0,0],"18":[0,0]}}
,"/app/src/ui/dashboard_components/QuickActions.tsx": {"path":"/app/src/ui/dashboard_components/QuickActions.tsx","statementMap":{"0":{"start":{"line":2,"column":21},"end":{"line":11,"column":1}},"1":{"start":{"line":3,"column":2},"end":{"line":10,"column":4}},"2":{"start":{"line":12,"column":0},"end":{"line":12,"column":28}}},"fnMap":{"0":{"name":"(anonymous_0)","decl":{"start":{"line":2,"column":21},"end":{"line":2,"column":24}},"loc":{"start":{"line":2,"column":26},"end":{"line":11,"column":1}}}},"branchMap":{},"s":{"0":0,"1":0,"2":0},"f":{"0":0},"b":{}}
,"/app/src/ui/dashboard_components/RecentActivityFeed.tsx": {"path":"/app/src/ui/dashboard_components/RecentActivityFeed.tsx","statementMap":{"0":{"start":{"line":2,"column":27},"end":{"line":12,"column":1}},"1":{"start":{"line":3,"column":2},"end":{"line":11,"column":4}},"2":{"start":{"line":13,"column":0},"end":{"line":13,"column":34}}},"fnMap":{"0":{"name":"(anonymous_0)","decl":{"start":{"line":2,"column":27},"end":{"line":2,"column":30}},"loc":{"start":{"line":2,"column":32},"end":{"line":12,"column":1}}}},"branchMap":{},"s":{"0":0,"1":0,"2":0},"f":{"0":0},"b":{}}
,"/app/src/ui/dashboard_components/TotalFundsSummary.tsx": {"path":"/app/src/ui/dashboard_components/TotalFundsSummary.tsx","statementMap":{"0":{"start":{"line":3,"column":0},"end":{"line":3,"column":70}},"1":{"start":{"line":5,"column":26},"end":{"line":17,"column":1}},"2":{"start":{"line":6,"column":28},"end":{"line":6,"column":49}},"3":{"start":{"line":8,"column":27},"end":{"line":8,"column":72}},"4":{"start":{"line":10,"column":2},"end":{"line":16,"column":4}},"5":{"start":{"line":19,"column":0},"end":{"line":19,"column":33}}},"fnMap":{"0":{"name":"(anonymous_0)","decl":{"start":{"line":5,"column":26},"end":{"line":5,"column":29}},"loc":{"start":{"line":5,"column":31},"end":{"line":17,"column":1}}}},"branchMap":{},"s":{"0":1,"1":1,"2":2,"3":2,"4":2,"5":1},"f":{"0":2},"b":{}}
,"/app/src/ui/funds_management_components/AddFundsForm.tsx": {"path":"/app/src/ui/funds_management_components/AddFundsForm.tsx","statementMap":{"0":{"start":{"line":2,"column":0},"end":{"line":2,"column":52}},"1":{"start":{"line":3,"column":0},"end":{"line":3,"column":70}},"2":{"start":{"line":4,"column":0},"end":{"line":4,"column":57}},"3":{"start":{"line":6,"column":21},"end":{"line":90,"column":1}},"4":{"start":{"line":7,"column":30},"end":{"line":7,"column":42}},"5":{"start":{"line":8,"column":30},"end":{"line":8,"column":56}},"6":{"start":{"line":9,"column":44},"end":{"line":9,"column":56}},"7":{"start":{"line":11,"column":23},"end":{"line":11,"column":44}},"8":{"start":{"line":12,"column":22},"end":{"line":12,"column":45}},"9":{"start":{"line":13,"column":15},"end":{"line":13,"column":44}},"10":{"start":{"line":15,"column":23},"end":{"line":33,"column":3}},"11":{"start":{"line":16,"column":4},"end":{"line":16,"column":27}},"12":{"start":{"line":17,"column":26},"end":{"line":17,"column":44}},"13":{"start":{"line":19,"column":4},"end":{"line":22,"column":5}},"14":{"start":{"line":20,"column":6},"end":{"line":20,"column":53}},"15":{"start":{"line":21,"column":6},"end":{"line":21,"column":13}},"16":{"start":{"line":25,"column":20},"end":{"line":25,"column":98}},"17":{"start":{"line":25,"column":51},"end":{"line":25,"column":73}},"18":{"start":{"line":26,"column":4},"end":{"line":26,"column":97}},"19":{"start":{"line":29,"column":4},"end":{"line":29,"column":80}},"20":{"start":{"line":30,"column":4},"end":{"line":30,"column":80}},"21":{"start":{"line":31,"column":4},"end":{"line":31,"column":18}},"22":{"start":{"line":35,"column":2},"end":{"line":89,"column":4}},"23":{"start":{"line":48,"column":29},"end":{"line":48,"column":54}},"24":{"start":{"line":60,"column":29},"end":{"line":60,"column":54}},"25":{"start":{"line":74,"column":29},"end":{"line":74,"column":61}},"26":{"start":{"line":79,"column":14},"end":{"line":79,"column":35}},"27":{"start":{"line":92,"column":0},"end":{"line":92,"column":28}}},"fnMap":{"0":{"name":"(anonymous_0)","decl":{"start":{"line":6,"column":21},"end":{"line":6,"column":24}},"loc":{"start":{"line":6,"column":26},"end":{"line":90,"column":1}}},"1":{"name":"(anonymous_1)","decl":{"start":{"line":15,"column":23},"end":{"line":15,"column":24}},"loc":{"start":{"line":15,"column":67},"end":{"line":33,"column":3}}},"2":{"name":"(anonymous_2)","decl":{"start":{"line":25,"column":46},"end":{"line":25,"column":47}},"loc":{"start":{"line":25,"column":51},"end":{"line":25,"column":73}}},"3":{"name":"(anonymous_3)","decl":{"start":{"line":48,"column":22},"end":{"line":48,"column":23}},"loc":{"start":{"line":48,"column":29},"end":{"line":48,"column":54}}},"4":{"name":"(anonymous_4)","decl":{"start":{"line":60,"column":22},"end":{"line":60,"column":23}},"loc":{"start":{"line":60,"column":29},"end":{"line":60,"column":54}}},"5":{"name":"(anonymous_5)","decl":{"start":{"line":74,"column":22},"end":{"line":74,"column":23}},"loc":{"start":{"line":74,"column":29},"end":{"line":74,"column":61}}},"6":{"name":"(anonymous_6)","decl":{"start":{"line":78,"column":22},"end":{"line":78,"column":25}},"loc":{"start":{"line":79,"column":14},"end":{"line":79,"column":35}}}},"branchMap":{"0":{"loc":{"start":{"line":13,"column":15},"end":{"line":13,"column":44}},"type":"binary-expr","locations":[{"start":{"line":13,"column":15},"end":{"line":13,"column":38}},{"start":{"line":13,"column":42},"end":{"line":13,"column":44}}]},"1":{"loc":{"start":{"line":19,"column":4},"end":{"line":22,"column":5}},"type":"if","locations":[{"start":{"line":19,"column":4},"end":{"line":22,"column":5}}]},"2":{"loc":{"start":{"line":19,"column":8},"end":{"line":19,"column":50}},"type":"binary-expr","locations":[{"start":{"line":19,"column":8},"end":{"line":19,"column":28}},{"start":{"line":19,"column":32},"end":{"line":19,"column":50}}]},"3":{"loc":{"start":{"line":25,"column":20},"end":{"line":25,"column":98}},"type":"cond-expr","locations":[{"start":{"line":25,"column":36},"end":{"line":25,"column":80}},{"start":{"line":25,"column":83},"end":{"line":25,"column":98}}]},"4":{"loc":{"start":{"line":26,"column":69},"end":{"line":26,"column":95}},"type":"binary-expr","locations":[{"start":{"line":26,"column":69},"end":{"line":26,"column":82}},{"start":{"line":26,"column":86},"end":{"line":26,"column":95}}]},"5":{"loc":{"start":{"line":75,"column":22},"end":{"line":75,"column":63}},"type":"binary-expr","locations":[{"start":{"line":75,"column":22},"end":{"line":75,"column":42}},{"start":{"line":75,"column":46},"end":{"line":75,"column":63}}]}},"s":{"0":0,"1":0,"2":0,"3":0,"4":0,"5":0,"6":0,"7":0,"8":0,"9":0,"10":0,"11":0,"12":0,"13":0,"14":0,"15":0,"16":0,"17":0,"18":0,"19":0,"20":0,"21":0,"22":0,"23":0,"24":0,"25":0,"26":0,"27":0},"f":{"0":0,"1":0,"2":0,"3":0,"4":0,"5":0,"6":0},"b":{"0":[0,0],"1":[0],"2":[0,0],"3":[0,0],"4":[0,0],"5":[0,0]}}
,"/app/src/ui/funds_management_components/CurrentBalanceDisplay.tsx": {"path":"/app/src/ui/funds_management_components/CurrentBalanceDisplay.tsx","statementMap":{"0":{"start":{"line":2,"column":0},"end":{"line":2,"column":70}},"1":{"start":{"line":4,"column":30},"end":{"line":20,"column":1}},"2":{"start":{"line":5,"column":28},"end":{"line":5,"column":49}},"3":{"start":{"line":9,"column":27},"end":{"line":9,"column":72}},"4":{"start":{"line":11,"column":2},"end":{"line":19,"column":4}},"5":{"start":{"line":22,"column":0},"end":{"line":22,"column":37}}},"fnMap":{"0":{"name":"(anonymous_0)","decl":{"start":{"line":4,"column":30},"end":{"line":4,"column":33}},"loc":{"start":{"line":4,"column":35},"end":{"line":20,"column":1}}}},"branchMap":{},"s":{"0":0,"1":0,"2":0,"3":0,"4":0,"5":0},"f":{"0":0},"b":{}}
,"/app/src/ui/funds_management_components/RecentFundActivity.tsx": {"path":"/app/src/ui/funds_management_components/RecentFundActivity.tsx","statementMap":{"0":{"start":{"line":2,"column":0},"end":{"line":2,"column":35}},"1":{"start":{"line":3,"column":0},"end":{"line":3,"column":70}},"2":{"start":{"line":4,"column":0},"end":{"line":4,"column":57}},"3":{"start":{"line":6,"column":27},"end":{"line":40,"column":1}},"4":{"start":{"line":7,"column":28},"end":{"line":7,"column":49}},"5":{"start":{"line":8,"column":27},"end":{"line":8,"column":40}},"6":{"start":{"line":9,"column":22},"end":{"line":9,"column":45}},"7":{"start":{"line":10,"column":15},"end":{"line":10,"column":44}},"8":{"start":{"line":12,"column":21},"end":{"line":16,"column":3}},"9":{"start":{"line":13,"column":4},"end":{"line":13,"column":26}},"10":{"start":{"line":13,"column":16},"end":{"line":13,"column":26}},"11":{"start":{"line":14,"column":16},"end":{"line":14,"column":46}},"12":{"start":{"line":14,"column":31},"end":{"line":14,"column":45}},"13":{"start":{"line":15,"column":4},"end":{"line":15,"column":63}},"14":{"start":{"line":18,"column":29},"end":{"line":18,"column":53}},"15":{"start":{"line":20,"column":2},"end":{"line":39,"column":4}},"16":{"start":{"line":29,"column":12},"end":{"line":29,"column":null}},"17":{"start":{"line":42,"column":0},"end":{"line":42,"column":34}}},"fnMap":{"0":{"name":"(anonymous_0)","decl":{"start":{"line":6,"column":27},"end":{"line":6,"column":30}},"loc":{"start":{"line":6,"column":32},"end":{"line":40,"column":1}}},"1":{"name":"(anonymous_1)","decl":{"start":{"line":12,"column":21},"end":{"line":12,"column":22}},"loc":{"start":{"line":12,"column":59},"end":{"line":16,"column":3}}},"2":{"name":"(anonymous_2)","decl":{"start":{"line":14,"column":26},"end":{"line":14,"column":27}},"loc":{"start":{"line":14,"column":31},"end":{"line":14,"column":45}}},"3":{"name":"(anonymous_3)","decl":{"start":{"line":28,"column":34},"end":{"line":28,"column":35}},"loc":{"start":{"line":29,"column":12},"end":{"line":29,"column":null}}}},"branchMap":{"0":{"loc":{"start":{"line":10,"column":15},"end":{"line":10,"column":44}},"type":"binary-expr","locations":[{"start":{"line":10,"column":15},"end":{"line":10,"column":38}},{"start":{"line":10,"column":42},"end":{"line":10,"column":44}}]},"1":{"loc":{"start":{"line":13,"column":4},"end":{"line":13,"column":26}},"type":"if","locations":[{"start":{"line":13,"column":4},"end":{"line":13,"column":26}}]},"2":{"loc":{"start":{"line":15,"column":11},"end":{"line":15,"column":62}},"type":"cond-expr","locations":[{"start":{"line":15,"column":17},"end":{"line":15,"column":38}},{"start":{"line":15,"column":41},"end":{"line":15,"column":62}}]},"3":{"loc":{"start":{"line":23,"column":7},"end":{"line":23,"column":72}},"type":"binary-expr","locations":[{"start":{"line":23,"column":7},"end":{"line":23,"column":27}},{"start":{"line":23,"column":31},"end":{"line":23,"column":72}}]},"4":{"loc":{"start":{"line":24,"column":7},"end":{"line":36,"column":null}},"type":"cond-expr","locations":[{"start":{"line":25,"column":8},"end":{"line":25,"column":34}},{"start":{"line":27,"column":8},"end":{"line":35,"column":null}}]},"5":{"loc":{"start":{"line":31,"column":36},"end":{"line":31,"column":67}},"type":"cond-expr","locations":[{"start":{"line":31,"column":52},"
[...]
,"/app/src/ui/settings_components/NotificationSettings.tsx": {"path":"/app/src/ui/settings_components/NotificationSettings.tsx","statementMap":{"0":{"start":{"line":2,"column":29},"end":{"line":20,"column":1}},"1":{"start":{"line":3,"column":2},"end":{"line":19,"column":4}},"2":{"start":{"line":21,"column":0},"end":{"line":21,"column":36}}},"fnMap":{"0":{"name":"(anonymous_0)","decl":{"start":{"line":2,"column":29},"end":{"line":2,"column":32}},"loc":{"start":{"line":2,"column":34},"end":{"line":20,"column":1}}}},"branchMap":{},"s":{"0":0,"1":0,"2":0},"f":{"0":0},"b":{}}
,"/app/src/ui/settings_components/PaymentSettings.tsx": {"path":"/app/src/ui/settings_components/PaymentSettings.tsx","statementMap":{"0":{"start":{"line":2,"column":24},"end":{"line":18,"column":1}},"1":{"start":{"line":3,"column":2},"end":{"line":17,"column":4}},"2":{"start":{"line":19,"column":0},"end":{"line":19,"column":31}}},"fnMap":{"0":{"name":"(anonymous_0)","decl":{"start":{"line":2,"column":24},"end":{"line":2,"column":27}},"loc":{"start":{"line":2,"column":29},"end":{"line":18,"column":1}}}},"branchMap":{},"s":{"0":0,"1":0,"2":0},"f":{"0":0},"b":{}}
,"/app/src/ui/settings_components/ProfileSettings.tsx": {"path":"/app/src/ui/settings_components/ProfileSettings.tsx","statementMap":{"0":{"start":{"line":2,"column":0},"end":{"line":2,"column":35}},"1":{"start":{"line":3,"column":0},"end":{"line":3,"column":57}},"2":{"start":{"line":5,"column":24},"end":{"line":50,"column":1}},"3":{"start":{"line":6,"column":22},"end":{"line":6,"column":45}},"4":{"start":{"line":9,"column":2},"end":{"line":12,"column":3}},"5":{"start":{"line":11,"column":6},"end":{"line":11,"column":50}},"6":{"start":{"line":14,"column":28},"end":{"line":14,"column":39}},"7":{"start":{"line":16,"column":2},"end":{"line":23,"column":3}},"8":{"start":{"line":17,"column":4},"end":{"line":22,"column":6}},"9":{"start":{"line":25,"column":2},"end":{"line":33,"column":3}},"10":{"start":{"line":27,"column":4},"end":{"line":32,"column":6}},"11":{"start":{"line":36,"column":2},"end":{"line":49,"column":4}},"12":{"start":{"line":52,"column":0},"end":{"line":52,"column":31}}},"fnMap":{"0":{"name":"(anonymous_0)","decl":{"start":{"line":5,"column":24},"end":{"line":5,"column":27}},"loc":{"start":{"line":5,"column":29},"end":{"line":50,"column":1}}}},"branchMap":{"0":{"loc":{"start":{"line":9,"column":2},"end":{"line":12,"column":3}},"type":"if","locations":[{"start":{"line":9,"column":2},"end":{"line":12,"column":3}}]},"1":{"loc":{"start":{"line":16,"column":2},"end":{"line":23,"column":3}},"type":"if","locations":[{"start":{"line":16,"column":2},"end":{"line":23,"column":3}}]},"2":{"loc":{"start":{"line":25,"column":2},"end":{"line":33,"column":3}},"type":"if","locations":[{"start":{"line":25,"column":2},"end":{"line":33,"column":3}}]}},"s":{"0":0,"1":0,"2":0,"3":0,"4":0,"5":0,"6":0,"7":0,"8":0,"9":0,"10":0,"11":0,"12":0},"f":{"0":0},"b":{"0":[0],"1":[0],"2":[0]}}
,"/app/src/ui/settings_components/SupportLegal.tsx": {"path":"/app/src/ui/settings_components/SupportLegal.tsx","statementMap":{"0":{"start":{"line":2,"column":21},"end":{"line":13,"column":1}},"1":{"start":{"line":3,"column":2},"end":{"line":12,"column":4}},"2":{"start":{"line":6,"column":65},"end":{"line":6,"column":83}},"3":{"start":{"line":7,"column":65},"end":{"line":7,"column":83}},"4":{"start":{"line":8,"column":65},"end":{"line":8,"column":83}},"5":{"start":{"line":9,"column":65},"end":{"line":9,"column":83}},"6":{"start":{"line":14,"column":0},"end":{"line":14,"column":28}}},"fnMap":{"0":{"name":"(anonymous_0)","decl":{"start":{"line":2,"column":21},"end":{"line":2,"column":24}},"loc":{"start":{"line":2,"column":26},"end":{"line":13,"column":1}}},"1":{"name":"(anonymous_1)","decl":{"start":{"line":6,"column":58},"end":{"line":6,"column":59}},"loc":{"start":{"line":6,"column":65},"end":{"line":6,"column":83}}},"2":{"name":"(anonymous_2)","decl":{"start":{"line":7,"column":58},"end":{"line":7,"column":59}},"loc":{"start":{"line":7,"column":65},"end":{"line":7,"column":83}}},"3":{"name":"(anonymous_3)","decl":{"start":{"line":8,"column":58},"end":{"line":8,"column":59}},"loc":{"start":{"line":8,"column":65},"end":{"line":8,"column":83}}},"4":{"name":"(anonymous_4)","decl":{"start":{"line":9,"column":58},"end":{"line":9,"column":59}},"loc":{"start":{"line":9,"column":65},"end":{"line":9,"column":83}}}},"branchMap":{},"s":{"0":0,"1":0,"2":0,"3":0,"4":0,"5":0,"6":0},"f":{"0":0,"1":0,"2":0,"3":0,"4":0},"b":{}}
,"/app/src/utils/choreUtils.ts": {"path":"/app/src/utils/choreUtils.ts","statementMap":{"0":{"start":{"line":5,"column":0},"end":{"line":5,"column":16}},"1":{"start":{"line":10,"column":37},"end":{"line":10,"column":39}},"2":{"start":{"line":11,"column":22},"end":{"line":11,"column":50}},"3":{"start":{"line":12,"column":2},"end":{"line":12,"column":35}},"4":{"start":{"line":13,"column":20},"end":{"line":13,"column":46}},"5":{"start":{"line":14,"column":2},"end":{"line":14,"column":33}},"6":{"start":{"line":16,"column":2},"end":{"line":103,"column":5}},"7":{"start":{"line":17,"column":4},"end":{"line":17,"column":31}},"8":{"start":{"line":17,"column":24},"end":{"line":17,"column":31}},"9":{"start":{"line":19,"column":30},"end":{"line":19,"column":92}},"10":{"start":{"line":20,"column":4},"end":{"line":20,"column":66}},"11":{"start":{"line":20,"column":27},"end":{"line":20,"column":66}},"12":{"start":{"line":23,"column":4},"end":{"line":37,"column":5}},"13":{"start":{"line":24,"column":6},"end":{"line":35,"column":7}},"14":{"start":{"line":25,"column":24},"end":{"line":25,"column":45}},"15":{"start":{"line":26,"column":8},"end":{"line":26,"column":37}},"16":{"start":{"line":27,"column":8},"end":{"line":34,"column":9}},"17":{"start":{"line":28,"column":10},"end":{"line":33,"column":13}},"18":{"start":{"line":36,"column":6},"end":{"line":36,"column":13}},"19":{"start":{"line":41,"column":32},"end":{"line":41,"column":74}},"20":{"start":{"line":42,"column":4},"end":{"line":42,"column":69}},"21":{"start":{"line":42,"column":28},"end":{"line":42,"column":69}},"22":{"start":{"line":44,"column":22},"end":{"line":44,"column":134}},"23":{"start":{"line":45,"column":4},"end":{"line":45,"column":37}},"24":{"start":{"line":48,"column":4},"end":{"line":102,"column":5}},"25":{"start":{"line":50,"column":6},"end":{"line":54,"column":7}},"26":{"start":{"line":51,"column":8},"end":{"line":51,"column":111}},"27":{"start":{"line":51,"column":46},"end":{"line":51,"column":99}},"28":{"start":{"line":51,"column":100},"end":{"line":51,"column":109}},"29":{"start":{"line":52,"column":8},"end":{"line":52,"column":112}},"30":{"start":{"line":52,"column":47},"end":{"line":52,"column":100}},"31":{"start":{"line":52,"column":101},"end":{"line":52,"column":110}},"32":{"start":{"line":53,"column":8},"end":{"line":53,"column":113}},"33":{"start":{"line":53,"column":48},"end":{"line":53,"column":101}},"34":{"start":{"line":53,"column":102},"end":{"line":53,"column":111}},"35":{"start":{"line":57,"column":6},"end":{"line":59,"column":7}},"36":{"start":{"line":58,"column":8},"end":{"line":58,"column":14}},"37":{"start":{"line":61,"column":33},"end":{"line":61,"column":38}},"38":{"start":{"line":62,"column":6},"end":{"line":80,"column":7}},"39":{"start":{"line":63,"column":8},"end":{"line":63,"column":36}},"40":{"start":{"line":64,"column":13},"end":{"line":80,"column":7}},"41":{"start":{"line":65,"column":8},"end":{"line":67,"column":9}},"42":{"start":{"line":66,"column":10},"end":{"line":66,"column":38}},"43":{"start":{"line":68,"column":13},"end":{"line":80,"column":7}},"44":{"start":{"line":69,"column":27},"end":{"line":69,"column":51}},"45":{"start":{"line":70,"column":8},"end":{"line":79,"column":9}},"46":{"start":{"line":71,"column":10},"end":{"line":71,"column":38}},"47":{"start":{"line":75,"column":33},"end":{"line":75,"column":118}},"48":{"start":{"line":76,"column":10},"end":{"line":78,"column":11}},"49":{"start":{"line":77,"column":12},"end":{"line":77,"column":40}},"50":{"start":{"line":82,"column":6},"end":{"line":90,"column":7}},"51":{"start":{"line":83,"column":32},"end":{"line":83,"column":71}},"52":{"start":{"line":84,"column":8},"end":{"line":89,"column":11}},"53":{"start":{"line":93,"column":6},"end":{"line":101,"column":7}},"54":{"start":{"line":94,"column":8},"end":{"line":94,"column":61}},"55":{"start":{"line":95,"column":13},"end":{"line":101,"column":7}},"56":{"start":{"line":96,"column":8},"end":{"line":96,"column":61}},"57":{"start":{"line":97,"column":13},"end":{"line":101,"column":7}},"58":{"start":{"line":98,"column":8},"end":{"line":98,"column":61}},"59":{"start":{"line":100,"column":8},"end":{"line":100,"column":14}},"60":{"start":{"line":104,"column":2},"end":{"line":104,"column":19}}},"fnMap":{"0":{"name":"generateChoreInstances","decl":{"start":{"line":5,"column":16},"end":{"line":5,"column":38}},"loc":{"start":{"line":8,"column":26},"end":{"line":105,"column":1}}},"1":{"name":"(anonymous_1)","decl":{"start":{"line":16,"column":22},"end":{"line":16,"column":25}},"loc":{"start":{"line":16,"column":28},"end":{"line":103,"column":3}}}},"branchMap":{"0":{"loc":{"start":{"line":17,"column":4},"end":{"line":17,"column":31}},"type":"if","locations":[{"start":{"line":17,"column":4},"end":{"line":17,"column":31}}]},"1":{"loc":{"start":{"line":19,"column":30},"end":{"line":19,"column":92}},"type":"cond-expr","locations":[{"start":{"line":19,"column":54},"end":{"line":19,"column":85}},{"start":{"line":19,"column":88},"end":{"line":19,"column":92}}]},"2":{"loc":{"start":{"line":20,"column":4},"end":{"line":20,"column":66}},"type":"if","locations":[{"start":{"line":20,"column":4},"end":{"line":20,"column":66}}]},"3":{"loc":{"start":{"line":23,"column":4},"end":{"line":37,"column":5}},"type":"if","locations":[{"start":{"line":23,"column":4},"end":{"line":37,"column":5}}]},"4":{"loc":{"start":{"line":23,"column":8},"end":{"line":23,"column":58}},"type":"binary-expr","locations":[{"start":{"line":23,"column":8},"end":{"line":23,"column":27}},{"start":{"line":23,"column":31},"end":{"line":23,"column":58}}]},"5":{"loc":{"start":{"line":24,"column":6},"end":{"line":35,"column":7}},"type":"if","locations":[{"start":{"line":24,"column":6},"end":{"line":35,"column":7}}]},"6":{"loc":{"start":{"line":27,"column":8},"end":{"line":34,"column":9}},"type":"if","locations":[{"start":{"line":27,"column":8},"end":{"line":34,"column":9}}]},"7":{"loc":{"start":{"line":27,"column":12},"end":{"line":27,"column":58}},"type":"binary-expr","locations":[{"start":{"line":27,"column":12},"end":{"line":27,"column":34}},{"start":{"line":27,"column":38},"end":{"line":27,"column":58}}]},"8":{"loc":{"start":{"line":41,"column":32},"end":{"line":41,"column":74}},"type":"cond-expr","locations":[{"start":{"line":41,"column":46},"end":{"line":41,"column":67}},{"start":{"line":41,"column":70},"end":{"line":41,"column":74}}]},"9":{"loc":{"start":{"line":42,"column":4},"end":{"line":42,"column":69}},"type":"if","locations":[{"start":{"line":42,"column":4},"end":{"line":42,"column":69}}]},"10":{"loc":{"start":{"line":44,"column":22},"end":{"line":44,"column":134}},"type":"cond-expr","locations":[{"start":{"line":44,"column":81},"end":{"line":44,"column":110}},{"start":{"line":44,"column":113},"end":{"line":44,"column":134}}]},"11":{"loc":{"start":{"line":44,"column":22},"end":{"line":44,"column":78}},"type":"binary-expr","locations":[{"start":{"line":44,"column":22},"end":{"line":44,"column":41}},{"start":{"line":44,"column":45},"end":{"line":44,"column":78}}]},"12":{"loc":{"start":{"line":50,"column":6},"end":{"line":54,"column":7}},"type":"if","locations":[{"start":{"line":50,"column":6},"end":{"line":54,"column":7}}]},"13":{"loc":{"start":{"line":50,"column":10},"end":{"line":50,"column":66}},"type":"binary-expr","locations":[{"start":{"line":50,"column":10},"end":{"line":50,"column":29}},{"start":{"line":50,"column":33},"end":{"line":50,"column":66}}]},"14":{"loc":{"start":{"line":51,"column":8},"end":{"line":51,"column":111}},"type":"if","locations":[{"start":{"line":51,"column":8},"end":{"line":51,"column":111}}]},"15":{"loc":{"start":{"line":52,"column":8},"end":{"line":52,"column":112}},"type":"if","locations":[{"start":{"line":52,"column":8},"end":{"line":52,"column":112}}]},"16":{"loc":{"start":{"line":53,"column":8},"end":{"line":53,"column":113}},"type":"if","locations":[{"start":{"line":53,"column":8},"end":{"line":53,"column":113}}]},"17":{"loc":{"start":{"line":57,"column":6},"end":{"line":59,"column":7}},"type":"if","locations":[{"start":{"line":57,"column":6},"end":{"line":59,"column":7}}]},"18":{"loc":{"start":{"line":57,"column":10},"end":{"line":57,"column":62}},"type":"binary-expr","locations":[{"start":{"line":57,"column":10},"end":{"line":57,"column":27}},{"start":{"line":57,"column":31},"end":{"line":57,"column":62}}]},"19":{"loc":{"start":{"line":62,"column":6},"end":{"line":80,"column":7}},"type":"if","locations":[{"start":{"line":62,"column":6},"end":{"line":80,"column":7}},{"start":{"line":64,"column":13},"end":{"line":80,"column":7}}]},"20":{"loc":{"start":{"line":64,"column":13},"end":{"line":80,"column":7}},"type":"if","locations":[{"start":{"line":64,"column":13},"end":{"line":80,"column":7}},{"start":{"line":68,"column":13},"end":{"line":80,"column":7}}]},"21":{"loc":{"start":{"line":65,"column":8},"end":{"line":67,"column":9}},"type":"if","locations":[{"start":{"line":65,"column":8},"end":{"line":67,"column":9}}]},"22":{"loc":{"start":{"line":68,"column":13},"end":{"line":80,"column":7}},"type":"if","locations":[{"start":{"line":68,"column":13},"end":{"line":80,"column":7}}]},"23":{"loc":{"start":{"line":70,"column":8},"end":{"line":79,"column":9}},"type":"if","locations":[{"start":{"line":70,"column":8},"end":{"line":79,"column":9}},{"start":{"line":72,"column":15},"end":{"line":79,"column":9}}]},"24":{"loc":{"start":{"line":76,"column":10},"end":{"line":78,"column":11}},"type":"if","locations":[{"start":{"line":76,"column":10},"end":{"line":78,"column":11}}]},"25":{"loc":{"start":{"line":76,"column":14},"end":{"line":76,"column":102}},"type":"binary-expr","locations":[{"start":{"line":76,"column":14},"end":{"line":76,"column":31}},{"start":{"line":76,"column":35},"end":{"line":76,"column":69}},{"start":{"line":76,"column":73},"end":{"line":76,"column":102}}]},"26":{"loc":{"start":{"line":82,"column":6},"end":{"line":90,"column":7}},"type":"if","locations":[{"start":{"line":82,"column":6},"end":{"line":90,"column":7}}]},"27":{"loc":{"start":{"line":93,"column":6},"end":{"line":101,"column":7}},"type":"if","locations":[{"start":{"line":93,"column":6},"end":{"line":101,"column":7}},{"start":{"line":95,"column":13},"end":{"line":101,"column":7}}]},"28":{"loc":{"start":{"line":95,"column":13},"end":{"line":101,"column":7}},"type":"if","locations":[{"start":{"line":95,"column":13},"end":{"line":101,"column":7}},{"start":{"line":97,"column":13},"end":{"line":101,"column":7}}]},"29":{"loc":{"start":{"line":97,"column":13},"end":{"line":101,"column":7}},"type":"if","locations":[{"start":{"line":97,"column":13},"end":{"line":101,"column":7}},{"start":{"line":99,"column":13},"end":{"line":101,"column":7}}]}},"s":{"0":0,"1":0,"2":0,"3":0,"4":0,"5":0,"6":0,"7":0,"8":0,"9":0,"10":0,"11":0,"12":0,"13":0,"14":0,"15":0,"16":0,"17":0,"18":0,"19":0,"20":0,"21":0,"22":0,"23":0,"24":0,"25":0,"26":0,"27":0,"28":0,"29":0,"30":0,"31":0,"32":0,"33":0,"34":0,"35":0,"36":0,"37":0,"38":0,"39":0,"40":0,"41":0,"42":0,"43":0,"44":0,"45":0,"46":0,"47":0,"48":0,"49":0,"50":0,"51":0,"52":0,"53":0,"54":0,"55":0,"56":0,"57":0,"58":0,"59":0,"60":0},"f":{"0":0,"1":0},"b":{"0":[0],"1":[0,0],"2":[0],"3":[0],"4":[0,0],"5":[0],"6":[0],"7":[0,0],"8":[0,0],"9":[0],"10":[0,0],"11":[0,0],"12":[0],"13":[0,0],"14":[0],"15":[0],"16":[0],"17":[0],"18":[0,0],"19":[0,0],"20":[0,0],"21":[0],"22":[0],"23":[0,0],"24":[0],"25":[0,0,0],"26":[0],"27":[0,0],"28":[0,0],"29":[0,0]}}
,"/app/src/utils/dateUtils.ts": {"path":"/app/src/utils/dateUtils.ts","statementMap":{"0":{"start":{"line":2,"column":34},"end":{"line":5,"column":1}},"1":{"start":{"line":3,"column":16},"end":{"line":3,"column":26}},"2":{"start":{"line":4,"column":2},"end":{"line":4,"column":43}},"3":{"start":{"line":2,"column":13},"end":{"line":2,"column":34}},"4":{"start":{"line":7,"column":28},"end":{"line":18,"column":1}},"5":{"start":{"line":8,"column":16},"end":{"line":8,"column":30}},"6":{"start":{"line":9,"column":20},"end":{"line":9,"column":34}},"7":{"start":{"line":10,"column":23},"end":{"line":10,"column":59}},"8":{"start":{"line":11,"column":2},"end":{"line":11,"column":47}},"9":{"start":{"line":12,"column":2},"end":{"line":12,"column":29}},"10":{"start":{"line":14,"column":14},"end":{"line":14,"column":29}},"11":{"start":{"line":15,"column":2},"end":{"line":15,"column":35}},"12":{"start":{"line":16,"column":2},"end":{"line":16,"column":32}},"13":{"start":{"line":17,"column":2},"end":{"line":17,"column":24}},"14":{"start":{"line":7,"column":13},"end":{"line":7,"column":28}},"15":{"start":{"line":20,"column":29},"end":{"line":26,"column":1}},"16":{"start":{"line":21,"column":16},"end":{"line":21,"column":64}},"17":{"start":{"line":22,"column":2},"end":{"line":22,"column":29}},"18":{"start":{"line":23,"column":14},"end":{"line":23,"column":66}},"19":{"start":{"line":24,"column":2},"end":{"line":24,"column":32}},"20":{"start":{"line":25,"column":2},"end":{"line":25,"column":24}},"21":{"start":{"line":20,"column":13},"end":{"line":20,"column":29}},"22":{"start":{"line":28,"column":30},"end":{"line":33,"column":1}},"23":{"start":{"line":29,"column":15},"end":{"line":29,"column":25}},"24":{"start":{"line":30,"column":1},"end":{"line":30,"column":25}},"25":{"start":{"line":31,"column":14},"end":{"line":31,"column":34}},"26":{"start":{"line":32,"column":1},"end":{"line":32,"column":22}},"27":{"start":{"line":28,"column":13},"end":{"line":28,"column":30}}},"fnMap":{"0":{"name":"(anonymous_0)","decl":{"start":{"line":2,"column":34},"end":{"line":2,"column":45}},"loc":{"start":{"line":2,"column":47},"end":{"line":5,"column":1}}},"1":{"name":"(anonymous_1)","decl":{"start":{"line":7,"column":28},"end":{"line":7,"column":29}},"loc":{"start":{"line":7,"column":71},"end":{"line":18,"column":1}}},"2":{"name":"(anonymous_2)","decl":{"start":{"line":20,"column":29},"end":{"line":20,"column":30}},"loc":{"start":{"line":20,"column":72},"end":{"line":26,"column":1}}},"3":{"name":"(anonymous_3)","decl":{"start":{"line":28,"column":30},"end":{"line":28,"column":31}},"loc":{"start":{"line":28,"column":62},"end":{"line":33,"column":1}}}},"branchMap":{"0":{"loc":{"start":{"line":10,"column":23},"end":{"line":10,"column":59}},"type":"cond-expr","locations":[{"start":{"line":10,"column":41},"end":{"line":10,"column":43}},{"start":{"line":10,"column":46},"end":{"line":10,"column":59}}]}},"s":{"0":1,"1":1,"2":1,"3":1,"4":1,"5":0,"6":0,"7":0,"8":0,"9":0,"10":0,"11":0,"12":0,"13":0,"14":1,"15":1,"16":0,"17":0,"18":0,"19":0,"20":0,"21":1,"22":1,"23":5,"24":5,"25":5,"26":5,"27":1},"f":{"0":1,"1":0,"2":0,"3":5},"b":{"0":[0,0]}}
}
